Mar 10, 2016 7:42:25 PM org.apache.catalina.startup.VersionLoggerListener log
INFO: Server version:        Apache Tomcat/7.0.68
Mar 10, 2016 7:42:25 PM org.apache.catalina.startup.VersionLoggerListener log
INFO: Server built:          Feb 8 2016 20:25:54 UTC
Mar 10, 2016 7:42:25 PM org.apache.catalina.startup.VersionLoggerListener log
INFO: Server number:         7.0.68.0
Mar 10, 2016 7:42:25 PM org.apache.catalina.startup.VersionLoggerListener log
INFO: OS Name:               Windows 7
Mar 10, 2016 7:42:25 PM org.apache.catalina.startup.VersionLoggerListener log
INFO: OS Version:            6.1
Mar 10, 2016 7:42:25 PM org.apache.catalina.startup.VersionLoggerListener log
INFO: Architecture:          amd64
Mar 10, 2016 7:42:25 PM org.apache.catalina.startup.VersionLoggerListener log
INFO: Java Home:             C:\Program Files\Java\jre1.8.0_60
Mar 10, 2016 7:42:25 PM org.apache.catalina.startup.VersionLoggerListener log
INFO: JVM Version:           1.8.0_60-b27
Mar 10, 2016 7:42:25 PM org.apache.catalina.startup.VersionLoggerListener log
INFO: JVM Vendor:            Oracle Corporation
Mar 10, 2016 7:42:25 PM org.apache.catalina.startup.VersionLoggerListener log
INFO: CATALINA_BASE:         C:\Users\Hitesh Dhanwani\Desktop\Agility\apache-tomcat-7.0.68-windows-x64\apache-tomcat-7.0.68
Mar 10, 2016 7:42:25 PM org.apache.catalina.startup.VersionLoggerListener log
INFO: CATALINA_HOME:         C:\Users\Hitesh Dhanwani\Desktop\Agility\apache-tomcat-7.0.68-windows-x64\apache-tomcat-7.0.68
Mar 10, 2016 7:42:25 PM org.apache.catalina.startup.VersionLoggerListener log
INFO: Command line argument: -Djava.util.logging.config.file=C:\Users\Hitesh Dhanwani\Desktop\Agility\apache-tomcat-7.0.68-windows-x64\apache-tomcat-7.0.68\conf\logging.properties
Mar 10, 2016 7:42:25 PM org.apache.catalina.startup.VersionLoggerListener log
INFO: Command line argument: -Djava.util.logging.manager=org.apache.juli.ClassLoaderLogManager
Mar 10, 2016 7:42:25 PM org.apache.catalina.startup.VersionLoggerListener log
INFO: Command line argument: -Djava.endorsed.dirs=C:\Users\Hitesh Dhanwani\Desktop\Agility\apache-tomcat-7.0.68-windows-x64\apache-tomcat-7.0.68\endorsed
Mar 10, 2016 7:42:25 PM org.apache.catalina.startup.VersionLoggerListener log
INFO: Command line argument: -Dcatalina.base=C:\Users\Hitesh Dhanwani\Desktop\Agility\apache-tomcat-7.0.68-windows-x64\apache-tomcat-7.0.68
Mar 10, 2016 7:42:25 PM org.apache.catalina.startup.VersionLoggerListener log
INFO: Command line argument: -Dcatalina.home=C:\Users\Hitesh Dhanwani\Desktop\Agility\apache-tomcat-7.0.68-windows-x64\apache-tomcat-7.0.68
Mar 10, 2016 7:42:25 PM org.apache.catalina.startup.VersionLoggerListener log
INFO: Command line argument: -Djava.io.tmpdir=C:\Users\Hitesh Dhanwani\Desktop\Agility\apache-tomcat-7.0.68-windows-x64\apache-tomcat-7.0.68\temp
Mar 10, 2016 7:42:25 PM org.apache.catalina.core.AprLifecycleListener lifecycleEvent
INFO: Loaded APR based Apache Tomcat Native library 1.1.33 using APR version 1.5.1.
Mar 10, 2016 7:42:25 PM org.apache.catalina.core.AprLifecycleListener lifecycleEvent
INFO: APR capabilities: IPv6 [true], sendfile [true], accept filters [false], random [true].
Mar 10, 2016 7:42:27 PM org.apache.catalina.core.AprLifecycleListener initializeSSL
INFO: OpenSSL successfully initialized (OpenSSL 1.0.1m 19 Mar 2015)
Mar 10, 2016 7:42:30 PM org.apache.coyote.AbstractProtocol init
INFO: Initializing ProtocolHandler ["http-apr-8080"]
Mar 10, 2016 7:42:30 PM org.apache.coyote.AbstractProtocol init
SEVERE: Failed to initialize end point associated with ProtocolHandler ["http-apr-8080"]
java.lang.Exception: Socket bind failed: [730013] An attempt was made to access a socket in a way forbidden by its access permissions.  
	at org.apache.tomcat.util.net.AprEndpoint.bind(AprEndpoint.java:470)
	at org.apache.tomcat.util.net.AbstractEndpoint.init(AbstractEndpoint.java:650)
	at org.apache.coyote.AbstractProtocol.init(AbstractProtocol.java:434)
	at org.apache.catalina.connector.Connector.initInternal(Connector.java:978)
	at org.apache.catalina.util.LifecycleBase.init(LifecycleBase.java:102)
	at org.apache.catalina.core.StandardService.initInternal(StandardService.java:560)
	at org.apache.catalina.util.LifecycleBase.init(LifecycleBase.java:102)
	at org.apache.catalina.core.StandardServer.initInternal(StandardServer.java:820)
	at org.apache.catalina.util.LifecycleBase.init(LifecycleBase.java:102)
	at org.apache.catalina.startup.Catalina.load(Catalina.java:642)
	at org.apache.catalina.startup.Catalina.load(Catalina.java:667)
	at sun.reflect.NativeMethodAccessorImpl.invoke0(Native Method)
	at sun.reflect.NativeMethodAccessorImpl.invoke(Unknown Source)
	at sun.reflect.DelegatingMethodAccessorImpl.invoke(Unknown Source)
	at java.lang.reflect.Method.invoke(Unknown Source)
	at org.apache.catalina.startup.Bootstrap.load(Bootstrap.java:253)
	at org.apache.catalina.startup.Bootstrap.main(Bootstrap.java:427)

Mar 10, 2016 7:42:30 PM org.apache.catalina.core.StandardService initInternal
SEVERE: Failed to initialize connector [Connector[HTTP/1.1-8080]]
org.apache.catalina.LifecycleException: Failed to initialize component [Connector[HTTP/1.1-8080]]
	at org.apache.catalina.util.LifecycleBase.init(LifecycleBase.java:106)
	at org.apache.catalina.core.StandardService.initInternal(StandardService.java:560)
	at org.apache.catalina.util.LifecycleBase.init(LifecycleBase.java:102)
	at org.apache.catalina.core.StandardServer.initInternal(StandardServer.java:820)
	at org.apache.catalina.util.LifecycleBase.init(LifecycleBase.java:102)
	at org.apache.catalina.startup.Catalina.load(Catalina.java:642)
	at org.apache.catalina.startup.Catalina.load(Catalina.java:667)
	at sun.reflect.NativeMethodAccessorImpl.invoke0(Native Method)
	at sun.reflect.NativeMethodAccessorImpl.invoke(Unknown Source)
	at sun.reflect.DelegatingMethodAccessorImpl.invoke(Unknown Source)
	at java.lang.reflect.Method.invoke(Unknown Source)
	at org.apache.catalina.startup.Bootstrap.load(Bootstrap.java:253)
	at org.apache.catalina.startup.Bootstrap.main(Bootstrap.java:427)
Caused by: org.apache.catalina.LifecycleException: Protocol handler initialization failed
	at org.apache.catalina.connector.Connector.initInternal(Connector.java:980)
	at org.apache.catalina.util.LifecycleBase.init(LifecycleBase.java:102)
	... 12 more
Caused by: java.lang.Exception: Socket bind failed: [730013] An attempt was made to access a socket in a way forbidden by its access permissions.  
	at org.apache.tomcat.util.net.AprEndpoint.bind(AprEndpoint.java:470)
	at org.apache.tomcat.util.net.AbstractEndpoint.init(AbstractEndpoint.java:650)
	at org.apache.coyote.AbstractProtocol.init(AbstractProtocol.java:434)
	at org.apache.catalina.connector.Connector.initInternal(Connector.java:978)
	... 13 more

Mar 10, 2016 7:42:30 PM org.apache.coyote.AbstractProtocol init
INFO: Initializing ProtocolHandler ["ajp-apr-8009"]
Mar 10, 2016 7:42:30 PM org.apache.catalina.startup.Catalina load
INFO: Initialization processed in 11791 ms
Mar 10, 2016 7:42:31 PM org.apache.catalina.core.StandardService startInternal
INFO: Starting service Catalina
Mar 10, 2016 7:42:31 PM org.apache.catalina.core.StandardEngine startInternal
INFO: Starting Servlet Engine: Apache Tomcat/7.0.68
Mar 10, 2016 7:42:31 PM org.apache.catalina.startup.HostConfig deployDirectory
INFO: Deploying web application directory C:\Users\Hitesh Dhanwani\Desktop\Agility\apache-tomcat-7.0.68-windows-x64\apache-tomcat-7.0.68\webapps\docs
Mar 10, 2016 7:42:33 PM org.apache.catalina.util.SessionIdGeneratorBase createSecureRandom
INFO: Creation of SecureRandom instance for session ID generation using [SHA1PRNG] took [405] milliseconds.
Mar 10, 2016 7:42:33 PM org.apache.catalina.startup.HostConfig deployDirectory
INFO: Deployment of web application directory C:\Users\Hitesh Dhanwani\Desktop\Agility\apache-tomcat-7.0.68-windows-x64\apache-tomcat-7.0.68\webapps\docs has finished in 2,169 ms
Mar 10, 2016 7:42:33 PM org.apache.catalina.startup.HostConfig deployDirectory
INFO: Deploying web application directory C:\Users\Hitesh Dhanwani\Desktop\Agility\apache-tomcat-7.0.68-windows-x64\apache-tomcat-7.0.68\webapps\examples
Mar 10, 2016 7:42:35 PM org.apache.catalina.startup.HostConfig deployDirectory
INFO: Deployment of web application directory C:\Users\Hitesh Dhanwani\Desktop\Agility\apache-tomcat-7.0.68-windows-x64\apache-tomcat-7.0.68\webapps\examples has finished in 1,950 ms
Mar 10, 2016 7:42:35 PM org.apache.catalina.startup.HostConfig deployDirectory
INFO: Deploying web application directory C:\Users\Hitesh Dhanwani\Desktop\Agility\apache-tomcat-7.0.68-windows-x64\apache-tomcat-7.0.68\webapps\host-manager
Mar 10, 2016 7:42:35 PM org.apache.catalina.startup.HostConfig deployDirectory
INFO: Deployment of web application directory C:\Users\Hitesh Dhanwani\Desktop\Agility\apache-tomcat-7.0.68-windows-x64\apache-tomcat-7.0.68\webapps\host-manager has finished in 171 ms
Mar 10, 2016 7:42:35 PM org.apache.catalina.startup.HostConfig deployDirectory
INFO: Deploying web application directory C:\Users\Hitesh Dhanwani\Desktop\Agility\apache-tomcat-7.0.68-windows-x64\apache-tomcat-7.0.68\webapps\manager
Mar 10, 2016 7:42:35 PM org.apache.catalina.startup.HostConfig deployDirectory
INFO: Deployment of web application directory C:\Users\Hitesh Dhanwani\Desktop\Agility\apache-tomcat-7.0.68-windows-x64\apache-tomcat-7.0.68\webapps\manager has finished in 125 ms
Mar 10, 2016 7:42:35 PM org.apache.catalina.startup.HostConfig deployDirectory
INFO: Deploying web application directory C:\Users\Hitesh Dhanwani\Desktop\Agility\apache-tomcat-7.0.68-windows-x64\apache-tomcat-7.0.68\webapps\ROOT
Mar 10, 2016 7:42:35 PM org.apache.catalina.startup.HostConfig deployDirectory
INFO: Deployment of web application directory C:\Users\Hitesh Dhanwani\Desktop\Agility\apache-tomcat-7.0.68-windows-x64\apache-tomcat-7.0.68\webapps\ROOT has finished in 187 ms
Mar 10, 2016 7:42:35 PM org.apache.coyote.AbstractProtocol start
INFO: Starting ProtocolHandler ["ajp-apr-8009"]
Mar 10, 2016 7:42:35 PM org.apache.catalina.startup.Catalina start
INFO: Server startup in 5132 ms
Mar 10, 2016 7:50:43 PM org.apache.catalina.startup.Catalina stopServer
SEVERE: Could not contact localhost:8005. Tomcat may not be running.
Mar 10, 2016 7:50:43 PM org.apache.catalina.startup.Catalina stopServer
SEVERE: Catalina.stop: 
java.net.ConnectException: Connection refused: connect
	at java.net.DualStackPlainSocketImpl.connect0(Native Method)
	at java.net.DualStackPlainSocketImpl.socketConnect(Unknown Source)
	at java.net.AbstractPlainSocketImpl.doConnect(Unknown Source)
	at java.net.AbstractPlainSocketImpl.connectToAddress(Unknown Source)
	at java.net.AbstractPlainSocketImpl.connect(Unknown Source)
	at java.net.PlainSocketImpl.connect(Unknown Source)
	at java.net.SocksSocketImpl.connect(Unknown Source)
	at java.net.Socket.connect(Unknown Source)
	at java.net.Socket.connect(Unknown Source)
	at java.net.Socket.<init>(Unknown Source)
	at java.net.Socket.<init>(Unknown Source)
	at org.apache.catalina.startup.Catalina.stopServer(Catalina.java:498)
	at sun.reflect.NativeMethodAccessorImpl.invoke0(Native Method)
	at sun.reflect.NativeMethodAccessorImpl.invoke(Unknown Source)
	at sun.reflect.DelegatingMethodAccessorImpl.invoke(Unknown Source)
	at java.lang.reflect.Method.invoke(Unknown Source)
	at org.apache.catalina.startup.Bootstrap.stopServer(Bootstrap.java:343)
	at org.apache.catalina.startup.Bootstrap.main(Bootstrap.java:430)

Mar 10, 2016 7:50:53 PM org.apache.catalina.startup.VersionLoggerListener log
INFO: Server version:        Apache Tomcat/7.0.68
Mar 10, 2016 7:50:53 PM org.apache.catalina.startup.VersionLoggerListener log
INFO: Server built:          Feb 8 2016 20:25:54 UTC
Mar 10, 2016 7:50:53 PM org.apache.catalina.startup.VersionLoggerListener log
INFO: Server number:         7.0.68.0
Mar 10, 2016 7:50:53 PM org.apache.catalina.startup.VersionLoggerListener log
INFO: OS Name:               Windows 7
Mar 10, 2016 7:50:53 PM org.apache.catalina.startup.VersionLoggerListener log
INFO: OS Version:            6.1
Mar 10, 2016 7:50:53 PM org.apache.catalina.startup.VersionLoggerListener log
INFO: Architecture:          amd64
Mar 10, 2016 7:50:53 PM org.apache.catalina.startup.VersionLoggerListener log
INFO: Java Home:             C:\Program Files\Java\jre1.8.0_60
Mar 10, 2016 7:50:53 PM org.apache.catalina.startup.VersionLoggerListener log
INFO: JVM Version:           1.8.0_60-b27
Mar 10, 2016 7:50:53 PM org.apache.catalina.startup.VersionLoggerListener log
INFO: JVM Vendor:            Oracle Corporation
Mar 10, 2016 7:50:53 PM org.apache.catalina.startup.VersionLoggerListener log
INFO: CATALINA_BASE:         C:\Users\Hitesh Dhanwani\Desktop\Agility\apache-tomcat-7.0.68-windows-x64\apache-tomcat-7.0.68
Mar 10, 2016 7:50:53 PM org.apache.catalina.startup.VersionLoggerListener log
INFO: CATALINA_HOME:         C:\Users\Hitesh Dhanwani\Desktop\Agility\apache-tomcat-7.0.68-windows-x64\apache-tomcat-7.0.68
Mar 10, 2016 7:50:53 PM org.apache.catalina.startup.VersionLoggerListener log
INFO: Command line argument: -Djava.util.logging.config.file=C:\Users\Hitesh Dhanwani\Desktop\Agility\apache-tomcat-7.0.68-windows-x64\apache-tomcat-7.0.68\conf\logging.properties
Mar 10, 2016 7:50:53 PM org.apache.catalina.startup.VersionLoggerListener log
INFO: Command line argument: -Djava.util.logging.manager=org.apache.juli.ClassLoaderLogManager
Mar 10, 2016 7:50:53 PM org.apache.catalina.startup.VersionLoggerListener log
INFO: Command line argument: -Djava.endorsed.dirs=C:\Users\Hitesh Dhanwani\Desktop\Agility\apache-tomcat-7.0.68-windows-x64\apache-tomcat-7.0.68\endorsed
Mar 10, 2016 7:50:53 PM org.apache.catalina.startup.VersionLoggerListener log
INFO: Command line argument: -Dcatalina.base=C:\Users\Hitesh Dhanwani\Desktop\Agility\apache-tomcat-7.0.68-windows-x64\apache-tomcat-7.0.68
Mar 10, 2016 7:50:53 PM org.apache.catalina.startup.VersionLoggerListener log
INFO: Command line argument: -Dcatalina.home=C:\Users\Hitesh Dhanwani\Desktop\Agility\apache-tomcat-7.0.68-windows-x64\apache-tomcat-7.0.68
Mar 10, 2016 7:50:53 PM org.apache.catalina.startup.VersionLoggerListener log
INFO: Command line argument: -Djava.io.tmpdir=C:\Users\Hitesh Dhanwani\Desktop\Agility\apache-tomcat-7.0.68-windows-x64\apache-tomcat-7.0.68\temp
Mar 10, 2016 7:50:53 PM org.apache.catalina.core.AprLifecycleListener lifecycleEvent
INFO: Loaded APR based Apache Tomcat Native library 1.1.33 using APR version 1.5.1.
Mar 10, 2016 7:50:53 PM org.apache.catalina.core.AprLifecycleListener lifecycleEvent
INFO: APR capabilities: IPv6 [true], sendfile [true], accept filters [false], random [true].
Mar 10, 2016 7:50:54 PM org.apache.catalina.core.AprLifecycleListener initializeSSL
INFO: OpenSSL successfully initialized (OpenSSL 1.0.1m 19 Mar 2015)
Mar 10, 2016 7:50:55 PM org.apache.coyote.AbstractProtocol init
INFO: Initializing ProtocolHandler ["http-apr-7070"]
Mar 10, 2016 7:50:55 PM org.apache.coyote.AbstractProtocol init
INFO: Initializing ProtocolHandler ["ajp-apr-8009"]
Mar 10, 2016 7:50:55 PM org.apache.catalina.startup.Catalina load
INFO: Initialization processed in 1986 ms
Mar 10, 2016 7:50:55 PM org.apache.catalina.core.StandardService startInternal
INFO: Starting service Catalina
Mar 10, 2016 7:50:55 PM org.apache.catalina.core.StandardEngine startInternal
INFO: Starting Servlet Engine: Apache Tomcat/7.0.68
Mar 10, 2016 7:50:55 PM org.apache.catalina.startup.HostConfig deployDirectory
INFO: Deploying web application directory C:\Users\Hitesh Dhanwani\Desktop\Agility\apache-tomcat-7.0.68-windows-x64\apache-tomcat-7.0.68\webapps\docs
Mar 10, 2016 7:50:55 PM org.apache.catalina.util.SessionIdGeneratorBase createSecureRandom
INFO: Creation of SecureRandom instance for session ID generation using [SHA1PRNG] took [109] milliseconds.
Mar 10, 2016 7:50:55 PM org.apache.catalina.startup.HostConfig deployDirectory
INFO: Deployment of web application directory C:\Users\Hitesh Dhanwani\Desktop\Agility\apache-tomcat-7.0.68-windows-x64\apache-tomcat-7.0.68\webapps\docs has finished in 582 ms
Mar 10, 2016 7:50:55 PM org.apache.catalina.startup.HostConfig deployDirectory
INFO: Deploying web application directory C:\Users\Hitesh Dhanwani\Desktop\Agility\apache-tomcat-7.0.68-windows-x64\apache-tomcat-7.0.68\webapps\examples
Mar 10, 2016 7:50:56 PM org.apache.catalina.startup.HostConfig deployDirectory
INFO: Deployment of web application directory C:\Users\Hitesh Dhanwani\Desktop\Agility\apache-tomcat-7.0.68-windows-x64\apache-tomcat-7.0.68\webapps\examples has finished in 453 ms
Mar 10, 2016 7:50:56 PM org.apache.catalina.startup.HostConfig deployDirectory
INFO: Deploying web application directory C:\Users\Hitesh Dhanwani\Desktop\Agility\apache-tomcat-7.0.68-windows-x64\apache-tomcat-7.0.68\webapps\host-manager
Mar 10, 2016 7:50:56 PM org.apache.catalina.startup.HostConfig deployDirectory
INFO: Deployment of web application directory C:\Users\Hitesh Dhanwani\Desktop\Agility\apache-tomcat-7.0.68-windows-x64\apache-tomcat-7.0.68\webapps\host-manager has finished in 94 ms
Mar 10, 2016 7:50:56 PM org.apache.catalina.startup.HostConfig deployDirectory
INFO: Deploying web application directory C:\Users\Hitesh Dhanwani\Desktop\Agility\apache-tomcat-7.0.68-windows-x64\apache-tomcat-7.0.68\webapps\manager
Mar 10, 2016 7:50:56 PM org.apache.catalina.startup.HostConfig deployDirectory
INFO: Deployment of web application directory C:\Users\Hitesh Dhanwani\Desktop\Agility\apache-tomcat-7.0.68-windows-x64\apache-tomcat-7.0.68\webapps\manager has finished in 93 ms
Mar 10, 2016 7:50:56 PM org.apache.catalina.startup.HostConfig deployDirectory
INFO: Deploying web application directory C:\Users\Hitesh Dhanwani\Desktop\Agility\apache-tomcat-7.0.68-windows-x64\apache-tomcat-7.0.68\webapps\ROOT
Mar 10, 2016 7:50:56 PM org.apache.catalina.startup.HostConfig deployDirectory
INFO: Deployment of web application directory C:\Users\Hitesh Dhanwani\Desktop\Agility\apache-tomcat-7.0.68-windows-x64\apache-tomcat-7.0.68\webapps\ROOT has finished in 78 ms
Mar 10, 2016 7:50:56 PM org.apache.coyote.AbstractProtocol start
INFO: Starting ProtocolHandler ["http-apr-7070"]
Mar 10, 2016 7:50:56 PM org.apache.coyote.AbstractProtocol start
INFO: Starting ProtocolHandler ["ajp-apr-8009"]
Mar 10, 2016 7:50:56 PM org.apache.catalina.startup.Catalina start
INFO: Server startup in 1417 ms
Mar 10, 2016 7:51:02 PM org.apache.catalina.core.StandardServer await
INFO: A valid shutdown command was received via the shutdown port. Stopping the Server instance.
Mar 10, 2016 7:51:02 PM org.apache.coyote.AbstractProtocol pause
INFO: Pausing ProtocolHandler ["http-apr-7070"]
Mar 10, 2016 7:51:02 PM org.apache.coyote.AbstractProtocol pause
INFO: Pausing ProtocolHandler ["ajp-apr-8009"]
Mar 10, 2016 7:51:02 PM org.apache.catalina.core.StandardService stopInternal
INFO: Stopping service Catalina
Mar 10, 2016 7:51:02 PM org.apache.coyote.AbstractProtocol stop
INFO: Stopping ProtocolHandler ["http-apr-7070"]
Mar 10, 2016 7:51:02 PM org.apache.coyote.AbstractProtocol stop
INFO: Stopping ProtocolHandler ["ajp-apr-8009"]
Mar 10, 2016 7:51:02 PM org.apache.coyote.AbstractProtocol destroy
INFO: Destroying ProtocolHandler ["http-apr-7070"]
Mar 10, 2016 7:51:02 PM org.apache.coyote.AbstractProtocol destroy
INFO: Destroying ProtocolHandler ["ajp-apr-8009"]
Mar 10, 2016 7:51:34 PM org.apache.catalina.startup.VersionLoggerListener log
INFO: Server version:        Apache Tomcat/7.0.68
Mar 10, 2016 7:51:34 PM org.apache.catalina.startup.VersionLoggerListener log
INFO: Server built:          Feb 8 2016 20:25:54 UTC
Mar 10, 2016 7:51:34 PM org.apache.catalina.startup.VersionLoggerListener log
INFO: Server number:         7.0.68.0
Mar 10, 2016 7:51:34 PM org.apache.catalina.startup.VersionLoggerListener log
INFO: OS Name:               Windows 7
Mar 10, 2016 7:51:34 PM org.apache.catalina.startup.VersionLoggerListener log
INFO: OS Version:            6.1
Mar 10, 2016 7:51:34 PM org.apache.catalina.startup.VersionLoggerListener log
INFO: Architecture:          amd64
Mar 10, 2016 7:51:34 PM org.apache.catalina.startup.VersionLoggerListener log
INFO: Java Home:             C:\Program Files\Java\jre1.8.0_60
Mar 10, 2016 7:51:34 PM org.apache.catalina.startup.VersionLoggerListener log
INFO: JVM Version:           1.8.0_60-b27
Mar 10, 2016 7:51:34 PM org.apache.catalina.startup.VersionLoggerListener log
INFO: JVM Vendor:            Oracle Corporation
Mar 10, 2016 7:51:34 PM org.apache.catalina.startup.VersionLoggerListener log
INFO: CATALINA_BASE:         C:\Users\Hitesh Dhanwani\Desktop\Agility\apache-tomcat-7.0.68-windows-x64\apache-tomcat-7.0.68
Mar 10, 2016 7:51:34 PM org.apache.catalina.startup.VersionLoggerListener log
INFO: CATALINA_HOME:         C:\Users\Hitesh Dhanwani\Desktop\Agility\apache-tomcat-7.0.68-windows-x64\apache-tomcat-7.0.68
Mar 10, 2016 7:51:34 PM org.apache.catalina.startup.VersionLoggerListener log
INFO: Command line argument: -Djava.util.logging.config.file=C:\Users\Hitesh Dhanwani\Desktop\Agility\apache-tomcat-7.0.68-windows-x64\apache-tomcat-7.0.68\conf\logging.properties
Mar 10, 2016 7:51:34 PM org.apache.catalina.startup.VersionLoggerListener log
INFO: Command line argument: -Djava.util.logging.manager=org.apache.juli.ClassLoaderLogManager
Mar 10, 2016 7:51:34 PM org.apache.catalina.startup.VersionLoggerListener log
INFO: Command line argument: -Djava.endorsed.dirs=C:\Users\Hitesh Dhanwani\Desktop\Agility\apache-tomcat-7.0.68-windows-x64\apache-tomcat-7.0.68\endorsed
Mar 10, 2016 7:51:34 PM org.apache.catalina.startup.VersionLoggerListener log
INFO: Command line argument: -Dcatalina.base=C:\Users\Hitesh Dhanwani\Desktop\Agility\apache-tomcat-7.0.68-windows-x64\apache-tomcat-7.0.68
Mar 10, 2016 7:51:34 PM org.apache.catalina.startup.VersionLoggerListener log
INFO: Command line argument: -Dcatalina.home=C:\Users\Hitesh Dhanwani\Desktop\Agility\apache-tomcat-7.0.68-windows-x64\apache-tomcat-7.0.68
Mar 10, 2016 7:51:34 PM org.apache.catalina.startup.VersionLoggerListener log
INFO: Command line argument: -Djava.io.tmpdir=C:\Users\Hitesh Dhanwani\Desktop\Agility\apache-tomcat-7.0.68-windows-x64\apache-tomcat-7.0.68\temp
Mar 10, 2016 7:51:34 PM org.apache.catalina.core.AprLifecycleListener lifecycleEvent
INFO: Loaded APR based Apache Tomcat Native library 1.1.33 using APR version 1.5.1.
Mar 10, 2016 7:51:34 PM org.apache.catalina.core.AprLifecycleListener lifecycleEvent
INFO: APR capabilities: IPv6 [true], sendfile [true], accept filters [false], random [true].
Mar 10, 2016 7:51:35 PM org.apache.catalina.core.AprLifecycleListener initializeSSL
INFO: OpenSSL successfully initialized (OpenSSL 1.0.1m 19 Mar 2015)
Mar 10, 2016 7:51:35 PM org.apache.coyote.AbstractProtocol init
INFO: Initializing ProtocolHandler ["http-apr-7070"]
Mar 10, 2016 7:51:35 PM org.apache.coyote.AbstractProtocol init
INFO: Initializing ProtocolHandler ["ajp-apr-8009"]
Mar 10, 2016 7:51:35 PM org.apache.catalina.startup.Catalina load
INFO: Initialization processed in 1966 ms
Mar 10, 2016 7:51:36 PM org.apache.catalina.core.StandardService startInternal
INFO: Starting service Catalina
Mar 10, 2016 7:51:36 PM org.apache.catalina.core.StandardEngine startInternal
INFO: Starting Servlet Engine: Apache Tomcat/7.0.68
Mar 10, 2016 7:51:36 PM org.apache.catalina.startup.HostConfig deployDirectory
INFO: Deploying web application directory C:\Users\Hitesh Dhanwani\Desktop\Agility\apache-tomcat-7.0.68-windows-x64\apache-tomcat-7.0.68\webapps\docs
Mar 10, 2016 7:51:36 PM org.apache.catalina.util.SessionIdGeneratorBase createSecureRandom
INFO: Creation of SecureRandom instance for session ID generation using [SHA1PRNG] took [109] milliseconds.
Mar 10, 2016 7:51:36 PM org.apache.catalina.startup.HostConfig deployDirectory
INFO: Deployment of web application directory C:\Users\Hitesh Dhanwani\Desktop\Agility\apache-tomcat-7.0.68-windows-x64\apache-tomcat-7.0.68\webapps\docs has finished in 608 ms
Mar 10, 2016 7:51:36 PM org.apache.catalina.startup.HostConfig deployDirectory
INFO: Deploying web application directory C:\Users\Hitesh Dhanwani\Desktop\Agility\apache-tomcat-7.0.68-windows-x64\apache-tomcat-7.0.68\webapps\examples
Mar 10, 2016 7:51:37 PM org.apache.catalina.startup.HostConfig deployDirectory
INFO: Deployment of web application directory C:\Users\Hitesh Dhanwani\Desktop\Agility\apache-tomcat-7.0.68-windows-x64\apache-tomcat-7.0.68\webapps\examples has finished in 484 ms
Mar 10, 2016 7:51:37 PM org.apache.catalina.startup.HostConfig deployDirectory
INFO: Deploying web application directory C:\Users\Hitesh Dhanwani\Desktop\Agility\apache-tomcat-7.0.68-windows-x64\apache-tomcat-7.0.68\webapps\host-manager
Mar 10, 2016 7:51:37 PM org.apache.catalina.startup.HostConfig deployDirectory
INFO: Deployment of web application directory C:\Users\Hitesh Dhanwani\Desktop\Agility\apache-tomcat-7.0.68-windows-x64\apache-tomcat-7.0.68\webapps\host-manager has finished in 93 ms
Mar 10, 2016 7:51:37 PM org.apache.catalina.startup.HostConfig deployDirectory
INFO: Deploying web application directory C:\Users\Hitesh Dhanwani\Desktop\Agility\apache-tomcat-7.0.68-windows-x64\apache-tomcat-7.0.68\webapps\manager
Mar 10, 2016 7:51:37 PM org.apache.catalina.startup.HostConfig deployDirectory
INFO: Deployment of web application directory C:\Users\Hitesh Dhanwani\Desktop\Agility\apache-tomcat-7.0.68-windows-x64\apache-tomcat-7.0.68\webapps\manager has finished in 127 ms
Mar 10, 2016 7:51:37 PM org.apache.catalina.startup.HostConfig deployDirectory
INFO: Deploying web application directory C:\Users\Hitesh Dhanwani\Desktop\Agility\apache-tomcat-7.0.68-windows-x64\apache-tomcat-7.0.68\webapps\ROOT
Mar 10, 2016 7:51:37 PM org.apache.catalina.startup.HostConfig deployDirectory
INFO: Deployment of web application directory C:\Users\Hitesh Dhanwani\Desktop\Agility\apache-tomcat-7.0.68-windows-x64\apache-tomcat-7.0.68\webapps\ROOT has finished in 78 ms
Mar 10, 2016 7:51:37 PM org.apache.coyote.AbstractProtocol start
INFO: Starting ProtocolHandler ["http-apr-7070"]
Mar 10, 2016 7:51:37 PM org.apache.coyote.AbstractProtocol start
INFO: Starting ProtocolHandler ["ajp-apr-8009"]
Mar 10, 2016 7:51:37 PM org.apache.catalina.startup.Catalina start
INFO: Server startup in 1472 ms
Mar 10, 2016 8:43:09 PM org.apache.catalina.startup.HostConfig deployWAR
INFO: Deploying web application archive C:\Users\Hitesh Dhanwani\Desktop\Agility\apache-tomcat-7.0.68-windows-x64\apache-tomcat-7.0.68\webapps\sample.war
Mar 10, 2016 8:43:10 PM org.apache.catalina.startup.HostConfig deployWAR
INFO: Deployment of web application archive C:\Users\Hitesh Dhanwani\Desktop\Agility\apache-tomcat-7.0.68-windows-x64\apache-tomcat-7.0.68\webapps\sample.war has finished in 156 ms
Mar 10, 2016 8:43:11 PM org.apache.catalina.core.StandardServer await
INFO: A valid shutdown command was received via the shutdown port. Stopping the Server instance.
Mar 10, 2016 8:43:11 PM org.apache.coyote.AbstractProtocol pause
INFO: Pausing ProtocolHandler ["http-apr-7070"]
Mar 10, 2016 8:43:11 PM org.apache.coyote.AbstractProtocol pause
INFO: Pausing ProtocolHandler ["ajp-apr-8009"]
Mar 10, 2016 8:43:11 PM org.apache.catalina.core.StandardService stopInternal
INFO: Stopping service Catalina
Mar 10, 2016 8:43:11 PM org.apache.coyote.AbstractProtocol stop
INFO: Stopping ProtocolHandler ["http-apr-7070"]
Mar 10, 2016 8:43:11 PM org.apache.coyote.AbstractProtocol stop
INFO: Stopping ProtocolHandler ["ajp-apr-8009"]
Mar 10, 2016 8:43:12 PM org.apache.coyote.AbstractProtocol destroy
INFO: Destroying ProtocolHandler ["http-apr-7070"]
Mar 10, 2016 8:43:12 PM org.apache.coyote.AbstractProtocol destroy
INFO: Destroying ProtocolHandler ["ajp-apr-8009"]
Mar 10, 2016 8:43:17 PM org.apache.catalina.startup.VersionLoggerListener log
INFO: Server version:        Apache Tomcat/7.0.68
Mar 10, 2016 8:43:17 PM org.apache.catalina.startup.VersionLoggerListener log
INFO: Server built:          Feb 8 2016 20:25:54 UTC
Mar 10, 2016 8:43:17 PM org.apache.catalina.startup.VersionLoggerListener log
INFO: Server number:         7.0.68.0
Mar 10, 2016 8:43:17 PM org.apache.catalina.startup.VersionLoggerListener log
INFO: OS Name:               Windows 7
Mar 10, 2016 8:43:17 PM org.apache.catalina.startup.VersionLoggerListener log
INFO: OS Version:            6.1
Mar 10, 2016 8:43:17 PM org.apache.catalina.startup.VersionLoggerListener log
INFO: Architecture:          amd64
Mar 10, 2016 8:43:17 PM org.apache.catalina.startup.VersionLoggerListener log
INFO: Java Home:             C:\Program Files\Java\jre1.8.0_60
Mar 10, 2016 8:43:17 PM org.apache.catalina.startup.VersionLoggerListener log
INFO: JVM Version:           1.8.0_60-b27
Mar 10, 2016 8:43:17 PM org.apache.catalina.startup.VersionLoggerListener log
INFO: JVM Vendor:            Oracle Corporation
Mar 10, 2016 8:43:17 PM org.apache.catalina.startup.VersionLoggerListener log
INFO: CATALINA_BASE:         C:\Users\Hitesh Dhanwani\Desktop\Agility\apache-tomcat-7.0.68-windows-x64\apache-tomcat-7.0.68
Mar 10, 2016 8:43:17 PM org.apache.catalina.startup.VersionLoggerListener log
INFO: CATALINA_HOME:         C:\Users\Hitesh Dhanwani\Desktop\Agility\apache-tomcat-7.0.68-windows-x64\apache-tomcat-7.0.68
Mar 10, 2016 8:43:17 PM org.apache.catalina.startup.VersionLoggerListener log
INFO: Command line argument: -Djava.util.logging.config.file=C:\Users\Hitesh Dhanwani\Desktop\Agility\apache-tomcat-7.0.68-windows-x64\apache-tomcat-7.0.68\conf\logging.properties
Mar 10, 2016 8:43:17 PM org.apache.catalina.startup.VersionLoggerListener log
INFO: Command line argument: -Djava.util.logging.manager=org.apache.juli.ClassLoaderLogManager
Mar 10, 2016 8:43:17 PM org.apache.catalina.startup.VersionLoggerListener log
INFO: Command line argument: -Djava.endorsed.dirs=C:\Users\Hitesh Dhanwani\Desktop\Agility\apache-tomcat-7.0.68-windows-x64\apache-tomcat-7.0.68\endorsed
Mar 10, 2016 8:43:17 PM org.apache.catalina.startup.VersionLoggerListener log
INFO: Command line argument: -Dcatalina.base=C:\Users\Hitesh Dhanwani\Desktop\Agility\apache-tomcat-7.0.68-windows-x64\apache-tomcat-7.0.68
Mar 10, 2016 8:43:17 PM org.apache.catalina.startup.VersionLoggerListener log
INFO: Command line argument: -Dcatalina.home=C:\Users\Hitesh Dhanwani\Desktop\Agility\apache-tomcat-7.0.68-windows-x64\apache-tomcat-7.0.68
Mar 10, 2016 8:43:17 PM org.apache.catalina.startup.VersionLoggerListener log
INFO: Command line argument: -Djava.io.tmpdir=C:\Users\Hitesh Dhanwani\Desktop\Agility\apache-tomcat-7.0.68-windows-x64\apache-tomcat-7.0.68\temp
Mar 10, 2016 8:43:17 PM org.apache.catalina.core.AprLifecycleListener lifecycleEvent
INFO: Loaded APR based Apache Tomcat Native library 1.1.33 using APR version 1.5.1.
Mar 10, 2016 8:43:17 PM org.apache.catalina.core.AprLifecycleListener lifecycleEvent
INFO: APR capabilities: IPv6 [true], sendfile [true], accept filters [false], random [true].
Mar 10, 2016 8:43:18 PM org.apache.catalina.core.AprLifecycleListener initializeSSL
INFO: OpenSSL successfully initialized (OpenSSL 1.0.1m 19 Mar 2015)
Mar 10, 2016 8:43:19 PM org.apache.coyote.AbstractProtocol init
INFO: Initializing ProtocolHandler ["http-apr-7070"]
Mar 10, 2016 8:43:19 PM org.apache.coyote.AbstractProtocol init
INFO: Initializing ProtocolHandler ["ajp-apr-8009"]
Mar 10, 2016 8:43:19 PM org.apache.catalina.startup.Catalina load
INFO: Initialization processed in 2061 ms
Mar 10, 2016 8:43:19 PM org.apache.catalina.core.StandardService startInternal
INFO: Starting service Catalina
Mar 10, 2016 8:43:19 PM org.apache.catalina.core.StandardEngine startInternal
INFO: Starting Servlet Engine: Apache Tomcat/7.0.68
Mar 10, 2016 8:43:19 PM org.apache.catalina.startup.HostConfig deployWAR
INFO: Deploying web application archive C:\Users\Hitesh Dhanwani\Desktop\Agility\apache-tomcat-7.0.68-windows-x64\apache-tomcat-7.0.68\webapps\sample.war
Mar 10, 2016 8:43:19 PM org.apache.catalina.util.SessionIdGeneratorBase createSecureRandom
INFO: Creation of SecureRandom instance for session ID generation using [SHA1PRNG] took [109] milliseconds.
Mar 10, 2016 8:43:19 PM org.apache.catalina.startup.HostConfig deployWAR
INFO: Deployment of web application archive C:\Users\Hitesh Dhanwani\Desktop\Agility\apache-tomcat-7.0.68-windows-x64\apache-tomcat-7.0.68\webapps\sample.war has finished in 687 ms
Mar 10, 2016 8:43:19 PM org.apache.catalina.startup.HostConfig deployDirectory
INFO: Deploying web application directory C:\Users\Hitesh Dhanwani\Desktop\Agility\apache-tomcat-7.0.68-windows-x64\apache-tomcat-7.0.68\webapps\docs
Mar 10, 2016 8:43:19 PM org.apache.catalina.startup.HostConfig deployDirectory
INFO: Deployment of web application directory C:\Users\Hitesh Dhanwani\Desktop\Agility\apache-tomcat-7.0.68-windows-x64\apache-tomcat-7.0.68\webapps\docs has finished in 140 ms
Mar 10, 2016 8:43:19 PM org.apache.catalina.startup.HostConfig deployDirectory
INFO: Deploying web application directory C:\Users\Hitesh Dhanwani\Desktop\Agility\apache-tomcat-7.0.68-windows-x64\apache-tomcat-7.0.68\webapps\examples
Mar 10, 2016 8:43:20 PM org.apache.catalina.startup.HostConfig deployDirectory
INFO: Deployment of web application directory C:\Users\Hitesh Dhanwani\Desktop\Agility\apache-tomcat-7.0.68-windows-x64\apache-tomcat-7.0.68\webapps\examples has finished in 858 ms
Mar 10, 2016 8:43:20 PM org.apache.catalina.startup.HostConfig deployDirectory
INFO: Deploying web application directory C:\Users\Hitesh Dhanwani\Desktop\Agility\apache-tomcat-7.0.68-windows-x64\apache-tomcat-7.0.68\webapps\host-manager
Mar 10, 2016 8:43:20 PM org.apache.catalina.startup.HostConfig deployDirectory
INFO: Deployment of web application directory C:\Users\Hitesh Dhanwani\Desktop\Agility\apache-tomcat-7.0.68-windows-x64\apache-tomcat-7.0.68\webapps\host-manager has finished in 109 ms
Mar 10, 2016 8:43:20 PM org.apache.catalina.startup.HostConfig deployDirectory
INFO: Deploying web application directory C:\Users\Hitesh Dhanwani\Desktop\Agility\apache-tomcat-7.0.68-windows-x64\apache-tomcat-7.0.68\webapps\manager
Mar 10, 2016 8:43:21 PM org.apache.catalina.startup.HostConfig deployDirectory
INFO: Deployment of web application directory C:\Users\Hitesh Dhanwani\Desktop\Agility\apache-tomcat-7.0.68-windows-x64\apache-tomcat-7.0.68\webapps\manager has finished in 110 ms
Mar 10, 2016 8:43:21 PM org.apache.catalina.startup.HostConfig deployDirectory
INFO: Deploying web application directory C:\Users\Hitesh Dhanwani\Desktop\Agility\apache-tomcat-7.0.68-windows-x64\apache-tomcat-7.0.68\webapps\ROOT
Mar 10, 2016 8:43:21 PM org.apache.catalina.startup.HostConfig deployDirectory
INFO: Deployment of web application directory C:\Users\Hitesh Dhanwani\Desktop\Agility\apache-tomcat-7.0.68-windows-x64\apache-tomcat-7.0.68\webapps\ROOT has finished in 93 ms
Mar 10, 2016 8:43:21 PM org.apache.coyote.AbstractProtocol start
INFO: Starting ProtocolHandler ["http-apr-7070"]
Mar 10, 2016 8:43:21 PM org.apache.coyote.AbstractProtocol start
INFO: Starting ProtocolHandler ["ajp-apr-8009"]
Mar 10, 2016 8:43:21 PM org.apache.catalina.startup.Catalina start
INFO: Server startup in 2104 ms
Mar 10, 2016 8:53:01 PM org.apache.catalina.startup.HostConfig undeploy
INFO: Undeploying context [/sample]
Mar 10, 2016 8:53:01 PM org.apache.catalina.startup.HostConfig deployWAR
INFO: Deploying web application archive C:\Users\Hitesh Dhanwani\Desktop\Agility\apache-tomcat-7.0.68-windows-x64\apache-tomcat-7.0.68\webapps\sample.war
Mar 10, 2016 8:53:02 PM org.apache.catalina.startup.HostConfig deployWAR
INFO: Deployment of web application archive C:\Users\Hitesh Dhanwani\Desktop\Agility\apache-tomcat-7.0.68-windows-x64\apache-tomcat-7.0.68\webapps\sample.war has finished in 126 ms
Mar 10, 2016 8:53:02 PM org.apache.catalina.startup.HostConfig deployDirectory
INFO: Deploying web application directory C:\Users\Hitesh Dhanwani\Desktop\Agility\apache-tomcat-7.0.68-windows-x64\apache-tomcat-7.0.68\webapps\sample1
Mar 10, 2016 8:53:02 PM org.apache.catalina.startup.HostConfig deployDirectory
INFO: Deployment of web application directory C:\Users\Hitesh Dhanwani\Desktop\Agility\apache-tomcat-7.0.68-windows-x64\apache-tomcat-7.0.68\webapps\sample1 has finished in 65 ms
Mar 10, 2016 8:53:22 PM org.apache.catalina.startup.HostConfig undeploy
INFO: Undeploying context [/sample1]
Mar 10, 2016 8:53:30 PM org.apache.catalina.core.StandardServer await
INFO: A valid shutdown command was received via the shutdown port. Stopping the Server instance.
Mar 10, 2016 8:53:30 PM org.apache.coyote.AbstractProtocol pause
INFO: Pausing ProtocolHandler ["http-apr-7070"]
Mar 10, 2016 8:53:30 PM org.apache.coyote.AbstractProtocol pause
INFO: Pausing ProtocolHandler ["ajp-apr-8009"]
Mar 10, 2016 8:53:30 PM org.apache.catalina.core.StandardService stopInternal
INFO: Stopping service Catalina
Mar 10, 2016 8:53:30 PM org.apache.coyote.AbstractProtocol stop
INFO: Stopping ProtocolHandler ["http-apr-7070"]
Mar 10, 2016 8:53:30 PM org.apache.coyote.AbstractProtocol stop
INFO: Stopping ProtocolHandler ["ajp-apr-8009"]
Mar 10, 2016 8:53:30 PM org.apache.coyote.AbstractProtocol destroy
INFO: Destroying ProtocolHandler ["http-apr-7070"]
Mar 10, 2016 8:53:30 PM org.apache.coyote.AbstractProtocol destroy
INFO: Destroying ProtocolHandler ["ajp-apr-8009"]
Mar 10, 2016 8:53:50 PM org.apache.catalina.startup.VersionLoggerListener log
INFO: Server version:        Apache Tomcat/7.0.68
Mar 10, 2016 8:53:50 PM org.apache.catalina.startup.VersionLoggerListener log
INFO: Server built:          Feb 8 2016 20:25:54 UTC
Mar 10, 2016 8:53:50 PM org.apache.catalina.startup.VersionLoggerListener log
INFO: Server number:         7.0.68.0
Mar 10, 2016 8:53:50 PM org.apache.catalina.startup.VersionLoggerListener log
INFO: OS Name:               Windows 7
Mar 10, 2016 8:53:50 PM org.apache.catalina.startup.VersionLoggerListener log
INFO: OS Version:            6.1
Mar 10, 2016 8:53:50 PM org.apache.catalina.startup.VersionLoggerListener log
INFO: Architecture:          amd64
Mar 10, 2016 8:53:50 PM org.apache.catalina.startup.VersionLoggerListener log
INFO: Java Home:             C:\Program Files\Java\jre1.8.0_60
Mar 10, 2016 8:53:50 PM org.apache.catalina.startup.VersionLoggerListener log
INFO: JVM Version:           1.8.0_60-b27
Mar 10, 2016 8:53:50 PM org.apache.catalina.startup.VersionLoggerListener log
INFO: JVM Vendor:            Oracle Corporation
Mar 10, 2016 8:53:50 PM org.apache.catalina.startup.VersionLoggerListener log
INFO: CATALINA_BASE:         C:\Users\Hitesh Dhanwani\Desktop\Agility\apache-tomcat-7.0.68-windows-x64\apache-tomcat-7.0.68
Mar 10, 2016 8:53:50 PM org.apache.catalina.startup.VersionLoggerListener log
INFO: CATALINA_HOME:         C:\Users\Hitesh Dhanwani\Desktop\Agility\apache-tomcat-7.0.68-windows-x64\apache-tomcat-7.0.68
Mar 10, 2016 8:53:50 PM org.apache.catalina.startup.VersionLoggerListener log
INFO: Command line argument: -Djava.util.logging.config.file=C:\Users\Hitesh Dhanwani\Desktop\Agility\apache-tomcat-7.0.68-windows-x64\apache-tomcat-7.0.68\conf\logging.properties
Mar 10, 2016 8:53:50 PM org.apache.catalina.startup.VersionLoggerListener log
INFO: Command line argument: -Djava.util.logging.manager=org.apache.juli.ClassLoaderLogManager
Mar 10, 2016 8:53:50 PM org.apache.catalina.startup.VersionLoggerListener log
INFO: Command line argument: -Djava.endorsed.dirs=C:\Users\Hitesh Dhanwani\Desktop\Agility\apache-tomcat-7.0.68-windows-x64\apache-tomcat-7.0.68\endorsed
Mar 10, 2016 8:53:50 PM org.apache.catalina.startup.VersionLoggerListener log
INFO: Command line argument: -Dcatalina.base=C:\Users\Hitesh Dhanwani\Desktop\Agility\apache-tomcat-7.0.68-windows-x64\apache-tomcat-7.0.68
Mar 10, 2016 8:53:50 PM org.apache.catalina.startup.VersionLoggerListener log
INFO: Command line argument: -Dcatalina.home=C:\Users\Hitesh Dhanwani\Desktop\Agility\apache-tomcat-7.0.68-windows-x64\apache-tomcat-7.0.68
Mar 10, 2016 8:53:50 PM org.apache.catalina.startup.VersionLoggerListener log
INFO: Command line argument: -Djava.io.tmpdir=C:\Users\Hitesh Dhanwani\Desktop\Agility\apache-tomcat-7.0.68-windows-x64\apache-tomcat-7.0.68\temp
Mar 10, 2016 8:53:50 PM org.apache.catalina.core.AprLifecycleListener lifecycleEvent
INFO: Loaded APR based Apache Tomcat Native library 1.1.33 using APR version 1.5.1.
Mar 10, 2016 8:53:50 PM org.apache.catalina.core.AprLifecycleListener lifecycleEvent
INFO: APR capabilities: IPv6 [true], sendfile [true], accept filters [false], random [true].
Mar 10, 2016 8:53:51 PM org.apache.catalina.core.AprLifecycleListener initializeSSL
INFO: OpenSSL successfully initialized (OpenSSL 1.0.1m 19 Mar 2015)
Mar 10, 2016 8:53:51 PM org.apache.coyote.AbstractProtocol init
INFO: Initializing ProtocolHandler ["http-apr-7070"]
Mar 10, 2016 8:53:51 PM org.apache.coyote.AbstractProtocol init
INFO: Initializing ProtocolHandler ["ajp-apr-8009"]
Mar 10, 2016 8:53:51 PM org.apache.catalina.startup.Catalina load
INFO: Initialization processed in 1925 ms
Mar 10, 2016 8:53:51 PM org.apache.catalina.core.StandardService startInternal
INFO: Starting service Catalina
Mar 10, 2016 8:53:51 PM org.apache.catalina.core.StandardEngine startInternal
INFO: Starting Servlet Engine: Apache Tomcat/7.0.68
Mar 10, 2016 8:53:51 PM org.apache.catalina.startup.HostConfig deployWAR
INFO: Deploying web application archive C:\Users\Hitesh Dhanwani\Desktop\Agility\apache-tomcat-7.0.68-windows-x64\apache-tomcat-7.0.68\webapps\sample.war
Mar 10, 2016 8:53:52 PM org.apache.catalina.util.SessionIdGeneratorBase createSecureRandom
INFO: Creation of SecureRandom instance for session ID generation using [SHA1PRNG] took [109] milliseconds.
Mar 10, 2016 8:53:52 PM org.apache.catalina.startup.HostConfig deployWAR
INFO: Deployment of web application archive C:\Users\Hitesh Dhanwani\Desktop\Agility\apache-tomcat-7.0.68-windows-x64\apache-tomcat-7.0.68\webapps\sample.war has finished in 655 ms
Mar 10, 2016 8:53:52 PM org.apache.catalina.startup.HostConfig deployDirectory
INFO: Deploying web application directory C:\Users\Hitesh Dhanwani\Desktop\Agility\apache-tomcat-7.0.68-windows-x64\apache-tomcat-7.0.68\webapps\docs
Mar 10, 2016 8:53:52 PM org.apache.catalina.startup.HostConfig deployDirectory
INFO: Deployment of web application directory C:\Users\Hitesh Dhanwani\Desktop\Agility\apache-tomcat-7.0.68-windows-x64\apache-tomcat-7.0.68\webapps\docs has finished in 94 ms
Mar 10, 2016 8:53:52 PM org.apache.catalina.startup.HostConfig deployDirectory
INFO: Deploying web application directory C:\Users\Hitesh Dhanwani\Desktop\Agility\apache-tomcat-7.0.68-windows-x64\apache-tomcat-7.0.68\webapps\examples
Mar 10, 2016 8:53:53 PM org.apache.catalina.startup.HostConfig deployDirectory
INFO: Deployment of web application directory C:\Users\Hitesh Dhanwani\Desktop\Agility\apache-tomcat-7.0.68-windows-x64\apache-tomcat-7.0.68\webapps\examples has finished in 515 ms
Mar 10, 2016 8:53:53 PM org.apache.catalina.startup.HostConfig deployDirectory
INFO: Deploying web application directory C:\Users\Hitesh Dhanwani\Desktop\Agility\apache-tomcat-7.0.68-windows-x64\apache-tomcat-7.0.68\webapps\host-manager
Mar 10, 2016 8:53:53 PM org.apache.catalina.startup.HostConfig deployDirectory
INFO: Deployment of web application directory C:\Users\Hitesh Dhanwani\Desktop\Agility\apache-tomcat-7.0.68-windows-x64\apache-tomcat-7.0.68\webapps\host-manager has finished in 125 ms
Mar 10, 2016 8:53:53 PM org.apache.catalina.startup.HostConfig deployDirectory
INFO: Deploying web application directory C:\Users\Hitesh Dhanwani\Desktop\Agility\apache-tomcat-7.0.68-windows-x64\apache-tomcat-7.0.68\webapps\manager
Mar 10, 2016 8:53:53 PM org.apache.catalina.startup.HostConfig deployDirectory
INFO: Deployment of web application directory C:\Users\Hitesh Dhanwani\Desktop\Agility\apache-tomcat-7.0.68-windows-x64\apache-tomcat-7.0.68\webapps\manager has finished in 109 ms
Mar 10, 2016 8:53:53 PM org.apache.catalina.startup.HostConfig deployDirectory
INFO: Deploying web application directory C:\Users\Hitesh Dhanwani\Desktop\Agility\apache-tomcat-7.0.68-windows-x64\apache-tomcat-7.0.68\webapps\ROOT
Mar 10, 2016 8:53:53 PM org.apache.catalina.startup.HostConfig deployDirectory
INFO: Deployment of web application directory C:\Users\Hitesh Dhanwani\Desktop\Agility\apache-tomcat-7.0.68-windows-x64\apache-tomcat-7.0.68\webapps\ROOT has finished in 94 ms
Mar 10, 2016 8:53:53 PM org.apache.coyote.AbstractProtocol start
INFO: Starting ProtocolHandler ["http-apr-7070"]
Mar 10, 2016 8:53:53 PM org.apache.coyote.AbstractProtocol start
INFO: Starting ProtocolHandler ["ajp-apr-8009"]
Mar 10, 2016 8:53:53 PM org.apache.catalina.startup.Catalina start
INFO: Server startup in 1726 ms
Mar 10, 2016 8:54:26 PM org.apache.catalina.core.StandardServer await
INFO: A valid shutdown command was received via the shutdown port. Stopping the Server instance.
Mar 10, 2016 8:54:26 PM org.apache.coyote.AbstractProtocol pause
INFO: Pausing ProtocolHandler ["http-apr-7070"]
Mar 10, 2016 8:54:26 PM org.apache.coyote.AbstractProtocol pause
INFO: Pausing ProtocolHandler ["ajp-apr-8009"]
Mar 10, 2016 8:54:26 PM org.apache.catalina.core.StandardService stopInternal
INFO: Stopping service Catalina
Mar 10, 2016 8:54:26 PM org.apache.coyote.AbstractProtocol stop
INFO: Stopping ProtocolHandler ["http-apr-7070"]
Mar 10, 2016 8:54:26 PM org.apache.coyote.AbstractProtocol stop
INFO: Stopping ProtocolHandler ["ajp-apr-8009"]
Mar 10, 2016 8:54:26 PM org.apache.coyote.AbstractProtocol destroy
INFO: Destroying ProtocolHandler ["http-apr-7070"]
Mar 10, 2016 8:54:26 PM org.apache.coyote.AbstractProtocol destroy
INFO: Destroying ProtocolHandler ["ajp-apr-8009"]
Mar 10, 2016 9:43:23 PM org.apache.catalina.startup.Catalina stopServer
SEVERE: Could not contact localhost:8005. Tomcat may not be running.
Mar 10, 2016 9:43:23 PM org.apache.catalina.startup.Catalina stopServer
SEVERE: Catalina.stop: 
java.net.ConnectException: Connection refused: connect
	at java.net.DualStackPlainSocketImpl.connect0(Native Method)
	at java.net.DualStackPlainSocketImpl.socketConnect(Unknown Source)
	at java.net.AbstractPlainSocketImpl.doConnect(Unknown Source)
	at java.net.AbstractPlainSocketImpl.connectToAddress(Unknown Source)
	at java.net.AbstractPlainSocketImpl.connect(Unknown Source)
	at java.net.PlainSocketImpl.connect(Unknown Source)
	at java.net.SocksSocketImpl.connect(Unknown Source)
	at java.net.Socket.connect(Unknown Source)
	at java.net.Socket.connect(Unknown Source)
	at java.net.Socket.<init>(Unknown Source)
	at java.net.Socket.<init>(Unknown Source)
	at org.apache.catalina.startup.Catalina.stopServer(Catalina.java:498)
	at sun.reflect.NativeMethodAccessorImpl.invoke0(Native Method)
	at sun.reflect.NativeMethodAccessorImpl.invoke(Unknown Source)
	at sun.reflect.DelegatingMethodAccessorImpl.invoke(Unknown Source)
	at java.lang.reflect.Method.invoke(Unknown Source)
	at org.apache.catalina.startup.Bootstrap.stopServer(Bootstrap.java:343)
	at org.apache.catalina.startup.Bootstrap.main(Bootstrap.java:430)

Mar 10, 2016 10:00:21 PM org.apache.catalina.startup.VersionLoggerListener log
INFO: Server version:        Apache Tomcat/7.0.68
Mar 10, 2016 10:00:21 PM org.apache.catalina.startup.VersionLoggerListener log
INFO: Server built:          Feb 8 2016 20:25:54 UTC
Mar 10, 2016 10:00:21 PM org.apache.catalina.startup.VersionLoggerListener log
INFO: Server number:         7.0.68.0
Mar 10, 2016 10:00:21 PM org.apache.catalina.startup.VersionLoggerListener log
INFO: OS Name:               Windows 7
Mar 10, 2016 10:00:21 PM org.apache.catalina.startup.VersionLoggerListener log
INFO: OS Version:            6.1
Mar 10, 2016 10:00:21 PM org.apache.catalina.startup.VersionLoggerListener log
INFO: Architecture:          amd64
Mar 10, 2016 10:00:21 PM org.apache.catalina.startup.VersionLoggerListener log
INFO: Java Home:             C:\Program Files\Java\jre1.8.0_60
Mar 10, 2016 10:00:21 PM org.apache.catalina.startup.VersionLoggerListener log
INFO: JVM Version:           1.8.0_60-b27
Mar 10, 2016 10:00:21 PM org.apache.catalina.startup.VersionLoggerListener log
INFO: JVM Vendor:            Oracle Corporation
Mar 10, 2016 10:00:21 PM org.apache.catalina.startup.VersionLoggerListener log
INFO: CATALINA_BASE:         C:\Users\Hitesh Dhanwani\Desktop\Agility\apache-tomcat-7.0.68-windows-x64\apache-tomcat-7.0.68
Mar 10, 2016 10:00:21 PM org.apache.catalina.startup.VersionLoggerListener log
INFO: CATALINA_HOME:         C:\Users\Hitesh Dhanwani\Desktop\Agility\apache-tomcat-7.0.68-windows-x64\apache-tomcat-7.0.68
Mar 10, 2016 10:00:21 PM org.apache.catalina.startup.VersionLoggerListener log
INFO: Command line argument: -Djava.util.logging.config.file=C:\Users\Hitesh Dhanwani\Desktop\Agility\apache-tomcat-7.0.68-windows-x64\apache-tomcat-7.0.68\conf\logging.properties
Mar 10, 2016 10:00:21 PM org.apache.catalina.startup.VersionLoggerListener log
INFO: Command line argument: -Djava.util.logging.manager=org.apache.juli.ClassLoaderLogManager
Mar 10, 2016 10:00:21 PM org.apache.catalina.startup.VersionLoggerListener log
INFO: Command line argument: -Djava.endorsed.dirs=C:\Users\Hitesh Dhanwani\Desktop\Agility\apache-tomcat-7.0.68-windows-x64\apache-tomcat-7.0.68\endorsed
Mar 10, 2016 10:00:21 PM org.apache.catalina.startup.VersionLoggerListener log
INFO: Command line argument: -Dcatalina.base=C:\Users\Hitesh Dhanwani\Desktop\Agility\apache-tomcat-7.0.68-windows-x64\apache-tomcat-7.0.68
Mar 10, 2016 10:00:21 PM org.apache.catalina.startup.VersionLoggerListener log
INFO: Command line argument: -Dcatalina.home=C:\Users\Hitesh Dhanwani\Desktop\Agility\apache-tomcat-7.0.68-windows-x64\apache-tomcat-7.0.68
Mar 10, 2016 10:00:21 PM org.apache.catalina.startup.VersionLoggerListener log
INFO: Command line argument: -Djava.io.tmpdir=C:\Users\Hitesh Dhanwani\Desktop\Agility\apache-tomcat-7.0.68-windows-x64\apache-tomcat-7.0.68\temp
Mar 10, 2016 10:00:21 PM org.apache.catalina.core.AprLifecycleListener lifecycleEvent
INFO: Loaded APR based Apache Tomcat Native library 1.1.33 using APR version 1.5.1.
Mar 10, 2016 10:00:21 PM org.apache.catalina.core.AprLifecycleListener lifecycleEvent
INFO: APR capabilities: IPv6 [true], sendfile [true], accept filters [false], random [true].
Mar 10, 2016 10:00:22 PM org.apache.catalina.core.AprLifecycleListener initializeSSL
INFO: OpenSSL successfully initialized (OpenSSL 1.0.1m 19 Mar 2015)
Mar 10, 2016 10:00:22 PM org.apache.coyote.AbstractProtocol init
INFO: Initializing ProtocolHandler ["http-apr-7070"]
Mar 10, 2016 10:00:22 PM org.apache.coyote.AbstractProtocol init
INFO: Initializing ProtocolHandler ["ajp-apr-8009"]
Mar 10, 2016 10:00:22 PM org.apache.catalina.startup.Catalina load
INFO: Initialization processed in 1968 ms
Mar 10, 2016 10:00:22 PM org.apache.catalina.core.StandardService startInternal
INFO: Starting service Catalina
Mar 10, 2016 10:00:22 PM org.apache.catalina.core.StandardEngine startInternal
INFO: Starting Servlet Engine: Apache Tomcat/7.0.68
Mar 10, 2016 10:00:22 PM org.apache.catalina.startup.HostConfig deployWAR
INFO: Deploying web application archive C:\Users\Hitesh Dhanwani\Desktop\Agility\apache-tomcat-7.0.68-windows-x64\apache-tomcat-7.0.68\webapps\sample.war
Mar 10, 2016 10:00:23 PM org.apache.catalina.util.SessionIdGeneratorBase createSecureRandom
INFO: Creation of SecureRandom instance for session ID generation using [SHA1PRNG] took [140] milliseconds.
Mar 10, 2016 10:00:23 PM org.apache.catalina.startup.HostConfig deployWAR
INFO: Deployment of web application archive C:\Users\Hitesh Dhanwani\Desktop\Agility\apache-tomcat-7.0.68-windows-x64\apache-tomcat-7.0.68\webapps\sample.war has finished in 679 ms
Mar 10, 2016 10:00:23 PM org.apache.catalina.startup.HostConfig deployWAR
INFO: Deploying web application archive C:\Users\Hitesh Dhanwani\Desktop\Agility\apache-tomcat-7.0.68-windows-x64\apache-tomcat-7.0.68\webapps\sample160310211553.war
Mar 10, 2016 10:00:23 PM org.apache.catalina.startup.HostConfig deployWAR
INFO: Deployment of web application archive C:\Users\Hitesh Dhanwani\Desktop\Agility\apache-tomcat-7.0.68-windows-x64\apache-tomcat-7.0.68\webapps\sample160310211553.war has finished in 127 ms
Mar 10, 2016 10:00:23 PM org.apache.catalina.startup.HostConfig deployWAR
INFO: Deploying web application archive C:\Users\Hitesh Dhanwani\Desktop\Agility\apache-tomcat-7.0.68-windows-x64\apache-tomcat-7.0.68\webapps\sample160310215950.war
Mar 10, 2016 10:00:23 PM org.apache.catalina.startup.HostConfig deployWAR
INFO: Deployment of web application archive C:\Users\Hitesh Dhanwani\Desktop\Agility\apache-tomcat-7.0.68-windows-x64\apache-tomcat-7.0.68\webapps\sample160310215950.war has finished in 172 ms
Mar 10, 2016 10:00:23 PM org.apache.catalina.startup.HostConfig deployDirectory
INFO: Deploying web application directory C:\Users\Hitesh Dhanwani\Desktop\Agility\apache-tomcat-7.0.68-windows-x64\apache-tomcat-7.0.68\webapps\docs
Mar 10, 2016 10:00:23 PM org.apache.catalina.startup.HostConfig deployDirectory
INFO: Deployment of web application directory C:\Users\Hitesh Dhanwani\Desktop\Agility\apache-tomcat-7.0.68-windows-x64\apache-tomcat-7.0.68\webapps\docs has finished in 125 ms
Mar 10, 2016 10:00:23 PM org.apache.catalina.startup.HostConfig deployDirectory
INFO: Deploying web application directory C:\Users\Hitesh Dhanwani\Desktop\Agility\apache-tomcat-7.0.68-windows-x64\apache-tomcat-7.0.68\webapps\examples
Mar 10, 2016 10:00:24 PM org.apache.catalina.startup.HostConfig deployDirectory
INFO: Deployment of web application directory C:\Users\Hitesh Dhanwani\Desktop\Agility\apache-tomcat-7.0.68-windows-x64\apache-tomcat-7.0.68\webapps\examples has finished in 777 ms
Mar 10, 2016 10:00:24 PM org.apache.catalina.startup.HostConfig deployDirectory
INFO: Deploying web application directory C:\Users\Hitesh Dhanwani\Desktop\Agility\apache-tomcat-7.0.68-windows-x64\apache-tomcat-7.0.68\webapps\host-manager
Mar 10, 2016 10:00:24 PM org.apache.catalina.startup.HostConfig deployDirectory
INFO: Deployment of web application directory C:\Users\Hitesh Dhanwani\Desktop\Agility\apache-tomcat-7.0.68-windows-x64\apache-tomcat-7.0.68\webapps\host-manager has finished in 283 ms
Mar 10, 2016 10:00:24 PM org.apache.catalina.startup.HostConfig deployDirectory
INFO: Deploying web application directory C:\Users\Hitesh Dhanwani\Desktop\Agility\apache-tomcat-7.0.68-windows-x64\apache-tomcat-7.0.68\webapps\manager
Mar 10, 2016 10:00:25 PM org.apache.catalina.startup.HostConfig deployDirectory
INFO: Deployment of web application directory C:\Users\Hitesh Dhanwani\Desktop\Agility\apache-tomcat-7.0.68-windows-x64\apache-tomcat-7.0.68\webapps\manager has finished in 174 ms
Mar 10, 2016 10:00:25 PM org.apache.catalina.startup.HostConfig deployDirectory
INFO: Deploying web application directory C:\Users\Hitesh Dhanwani\Desktop\Agility\apache-tomcat-7.0.68-windows-x64\apache-tomcat-7.0.68\webapps\ROOT
Mar 10, 2016 10:00:25 PM org.apache.catalina.startup.HostConfig deployDirectory
INFO: Deployment of web application directory C:\Users\Hitesh Dhanwani\Desktop\Agility\apache-tomcat-7.0.68-windows-x64\apache-tomcat-7.0.68\webapps\ROOT has finished in 62 ms
Mar 10, 2016 10:00:25 PM org.apache.coyote.AbstractProtocol start
INFO: Starting ProtocolHandler ["http-apr-7070"]
Mar 10, 2016 10:00:25 PM org.apache.coyote.AbstractProtocol start
INFO: Starting ProtocolHandler ["ajp-apr-8009"]
Mar 10, 2016 10:00:25 PM org.apache.catalina.startup.Catalina start
INFO: Server startup in 2501 ms
Mar 10, 2016 10:12:57 PM org.apache.catalina.core.StandardServer await
INFO: A valid shutdown command was received via the shutdown port. Stopping the Server instance.
Mar 10, 2016 10:12:57 PM org.apache.coyote.AbstractProtocol pause
INFO: Pausing ProtocolHandler ["http-apr-7070"]
Mar 10, 2016 10:12:57 PM org.apache.coyote.AbstractProtocol pause
INFO: Pausing ProtocolHandler ["ajp-apr-8009"]
Mar 10, 2016 10:12:57 PM org.apache.catalina.core.StandardService stopInternal
INFO: Stopping service Catalina
Mar 10, 2016 10:12:57 PM org.apache.coyote.AbstractProtocol stop
INFO: Stopping ProtocolHandler ["http-apr-7070"]
Mar 10, 2016 10:12:57 PM org.apache.coyote.AbstractProtocol stop
INFO: Stopping ProtocolHandler ["ajp-apr-8009"]
Mar 10, 2016 10:12:57 PM org.apache.coyote.AbstractProtocol destroy
INFO: Destroying ProtocolHandler ["http-apr-7070"]
Mar 10, 2016 10:12:57 PM org.apache.coyote.AbstractProtocol destroy
INFO: Destroying ProtocolHandler ["ajp-apr-8009"]
Mar 10, 2016 10:13:58 PM org.apache.catalina.startup.VersionLoggerListener log
INFO: Server version:        Apache Tomcat/7.0.68
Mar 10, 2016 10:13:58 PM org.apache.catalina.startup.VersionLoggerListener log
INFO: Server built:          Feb 8 2016 20:25:54 UTC
Mar 10, 2016 10:13:58 PM org.apache.catalina.startup.VersionLoggerListener log
INFO: Server number:         7.0.68.0
Mar 10, 2016 10:13:58 PM org.apache.catalina.startup.VersionLoggerListener log
INFO: OS Name:               Windows 7
Mar 10, 2016 10:13:58 PM org.apache.catalina.startup.VersionLoggerListener log
INFO: OS Version:            6.1
Mar 10, 2016 10:13:58 PM org.apache.catalina.startup.VersionLoggerListener log
INFO: Architecture:          amd64
Mar 10, 2016 10:13:58 PM org.apache.catalina.startup.VersionLoggerListener log
INFO: Java Home:             C:\Program Files\Java\jre1.8.0_60
Mar 10, 2016 10:13:58 PM org.apache.catalina.startup.VersionLoggerListener log
INFO: JVM Version:           1.8.0_60-b27
Mar 10, 2016 10:13:58 PM org.apache.catalina.startup.VersionLoggerListener log
INFO: JVM Vendor:            Oracle Corporation
Mar 10, 2016 10:13:58 PM org.apache.catalina.startup.VersionLoggerListener log
INFO: CATALINA_BASE:         C:\Users\Hitesh Dhanwani\Desktop\Agility\apache-tomcat-7.0.68-windows-x64\apache-tomcat-7.0.68
Mar 10, 2016 10:13:58 PM org.apache.catalina.startup.VersionLoggerListener log
INFO: CATALINA_HOME:         C:\Users\Hitesh Dhanwani\Desktop\Agility\apache-tomcat-7.0.68-windows-x64\apache-tomcat-7.0.68
Mar 10, 2016 10:13:58 PM org.apache.catalina.startup.VersionLoggerListener log
INFO: Command line argument: -Djava.util.logging.config.file=C:\Users\Hitesh Dhanwani\Desktop\Agility\apache-tomcat-7.0.68-windows-x64\apache-tomcat-7.0.68\conf\logging.properties
Mar 10, 2016 10:13:58 PM org.apache.catalina.startup.VersionLoggerListener log
INFO: Command line argument: -Djava.util.logging.manager=org.apache.juli.ClassLoaderLogManager
Mar 10, 2016 10:13:58 PM org.apache.catalina.startup.VersionLoggerListener log
INFO: Command line argument: -Djava.endorsed.dirs=C:\Users\Hitesh Dhanwani\Desktop\Agility\apache-tomcat-7.0.68-windows-x64\apache-tomcat-7.0.68\endorsed
Mar 10, 2016 10:13:58 PM org.apache.catalina.startup.VersionLoggerListener log
INFO: Command line argument: -Dcatalina.base=C:\Users\Hitesh Dhanwani\Desktop\Agility\apache-tomcat-7.0.68-windows-x64\apache-tomcat-7.0.68
Mar 10, 2016 10:13:58 PM org.apache.catalina.startup.VersionLoggerListener log
INFO: Command line argument: -Dcatalina.home=C:\Users\Hitesh Dhanwani\Desktop\Agility\apache-tomcat-7.0.68-windows-x64\apache-tomcat-7.0.68
Mar 10, 2016 10:13:58 PM org.apache.catalina.startup.VersionLoggerListener log
INFO: Command line argument: -Djava.io.tmpdir=C:\Users\Hitesh Dhanwani\Desktop\Agility\apache-tomcat-7.0.68-windows-x64\apache-tomcat-7.0.68\temp
Mar 10, 2016 10:13:58 PM org.apache.catalina.core.AprLifecycleListener lifecycleEvent
INFO: Loaded APR based Apache Tomcat Native library 1.1.33 using APR version 1.5.1.
Mar 10, 2016 10:13:58 PM org.apache.catalina.core.AprLifecycleListener lifecycleEvent
INFO: APR capabilities: IPv6 [true], sendfile [true], accept filters [false], random [true].
Mar 10, 2016 10:13:59 PM org.apache.catalina.core.AprLifecycleListener initializeSSL
INFO: OpenSSL successfully initialized (OpenSSL 1.0.1m 19 Mar 2015)
Mar 10, 2016 10:13:59 PM org.apache.coyote.AbstractProtocol init
INFO: Initializing ProtocolHandler ["http-apr-7070"]
Mar 10, 2016 10:13:59 PM org.apache.coyote.AbstractProtocol init
INFO: Initializing ProtocolHandler ["ajp-apr-8009"]
Mar 10, 2016 10:13:59 PM org.apache.catalina.startup.Catalina load
INFO: Initialization processed in 1950 ms
Mar 10, 2016 10:13:59 PM org.apache.catalina.core.StandardService startInternal
INFO: Starting service Catalina
Mar 10, 2016 10:13:59 PM org.apache.catalina.core.StandardEngine startInternal
INFO: Starting Servlet Engine: Apache Tomcat/7.0.68
Mar 10, 2016 10:13:59 PM org.apache.catalina.startup.HostConfig deployWAR
INFO: Deploying web application archive C:\Users\Hitesh Dhanwani\Desktop\Agility\apache-tomcat-7.0.68-windows-x64\apache-tomcat-7.0.68\webapps\sample.war
Mar 10, 2016 10:14:00 PM org.apache.catalina.util.SessionIdGeneratorBase createSecureRandom
INFO: Creation of SecureRandom instance for session ID generation using [SHA1PRNG] took [109] milliseconds.
Mar 10, 2016 10:14:00 PM org.apache.catalina.startup.HostConfig deployWAR
INFO: Deployment of web application archive C:\Users\Hitesh Dhanwani\Desktop\Agility\apache-tomcat-7.0.68-windows-x64\apache-tomcat-7.0.68\webapps\sample.war has finished in 577 ms
Mar 10, 2016 10:14:00 PM org.apache.catalina.startup.HostConfig deployWAR
INFO: Deploying web application archive C:\Users\Hitesh Dhanwani\Desktop\Agility\apache-tomcat-7.0.68-windows-x64\apache-tomcat-7.0.68\webapps\sample160310211553.war
Mar 10, 2016 10:14:00 PM org.apache.catalina.startup.HostConfig deployWAR
INFO: Deployment of web application archive C:\Users\Hitesh Dhanwani\Desktop\Agility\apache-tomcat-7.0.68-windows-x64\apache-tomcat-7.0.68\webapps\sample160310211553.war has finished in 140 ms
Mar 10, 2016 10:14:00 PM org.apache.catalina.startup.HostConfig deployWAR
INFO: Deploying web application archive C:\Users\Hitesh Dhanwani\Desktop\Agility\apache-tomcat-7.0.68-windows-x64\apache-tomcat-7.0.68\webapps\sample160310215950.war
Mar 10, 2016 10:14:00 PM org.apache.catalina.startup.HostConfig deployWAR
INFO: Deployment of web application archive C:\Users\Hitesh Dhanwani\Desktop\Agility\apache-tomcat-7.0.68-windows-x64\apache-tomcat-7.0.68\webapps\sample160310215950.war has finished in 110 ms
Mar 10, 2016 10:14:00 PM org.apache.catalina.startup.HostConfig deployDirectory
INFO: Deploying web application directory C:\Users\Hitesh Dhanwani\Desktop\Agility\apache-tomcat-7.0.68-windows-x64\apache-tomcat-7.0.68\webapps\docs
Mar 10, 2016 10:14:00 PM org.apache.catalina.startup.HostConfig deployDirectory
INFO: Deployment of web application directory C:\Users\Hitesh Dhanwani\Desktop\Agility\apache-tomcat-7.0.68-windows-x64\apache-tomcat-7.0.68\webapps\docs has finished in 94 ms
Mar 10, 2016 10:14:00 PM org.apache.catalina.startup.HostConfig deployDirectory
INFO: Deploying web application directory C:\Users\Hitesh Dhanwani\Desktop\Agility\apache-tomcat-7.0.68-windows-x64\apache-tomcat-7.0.68\webapps\examples
Mar 10, 2016 10:14:00 PM org.apache.catalina.startup.HostConfig deployDirectory
INFO: Deployment of web application directory C:\Users\Hitesh Dhanwani\Desktop\Agility\apache-tomcat-7.0.68-windows-x64\apache-tomcat-7.0.68\webapps\examples has finished in 437 ms
Mar 10, 2016 10:14:00 PM org.apache.catalina.startup.HostConfig deployDirectory
INFO: Deploying web application directory C:\Users\Hitesh Dhanwani\Desktop\Agility\apache-tomcat-7.0.68-windows-x64\apache-tomcat-7.0.68\webapps\host-manager
Mar 10, 2016 10:14:00 PM org.apache.catalina.startup.HostConfig deployDirectory
INFO: Deployment of web application directory C:\Users\Hitesh Dhanwani\Desktop\Agility\apache-tomcat-7.0.68-windows-x64\apache-tomcat-7.0.68\webapps\host-manager has finished in 93 ms
Mar 10, 2016 10:14:00 PM org.apache.catalina.startup.HostConfig deployDirectory
INFO: Deploying web application directory C:\Users\Hitesh Dhanwani\Desktop\Agility\apache-tomcat-7.0.68-windows-x64\apache-tomcat-7.0.68\webapps\manager
Mar 10, 2016 10:14:01 PM org.apache.catalina.startup.HostConfig deployDirectory
INFO: Deployment of web application directory C:\Users\Hitesh Dhanwani\Desktop\Agility\apache-tomcat-7.0.68-windows-x64\apache-tomcat-7.0.68\webapps\manager has finished in 63 ms
Mar 10, 2016 10:14:01 PM org.apache.catalina.startup.HostConfig deployDirectory
INFO: Deploying web application directory C:\Users\Hitesh Dhanwani\Desktop\Agility\apache-tomcat-7.0.68-windows-x64\apache-tomcat-7.0.68\webapps\ROOT
Mar 10, 2016 10:14:01 PM org.apache.catalina.startup.HostConfig deployDirectory
INFO: Deployment of web application directory C:\Users\Hitesh Dhanwani\Desktop\Agility\apache-tomcat-7.0.68-windows-x64\apache-tomcat-7.0.68\webapps\ROOT has finished in 78 ms
Mar 10, 2016 10:14:01 PM org.apache.coyote.AbstractProtocol start
INFO: Starting ProtocolHandler ["http-apr-7070"]
Mar 10, 2016 10:14:01 PM org.apache.coyote.AbstractProtocol start
INFO: Starting ProtocolHandler ["ajp-apr-8009"]
Mar 10, 2016 10:14:01 PM org.apache.catalina.startup.Catalina start
INFO: Server startup in 1720 ms
Mar 10, 2016 10:15:21 PM org.apache.catalina.startup.HostConfig undeploy
INFO: Undeploying context [/sample]
Mar 10, 2016 10:15:21 PM org.apache.catalina.startup.HostConfig deployWAR
INFO: Deploying web application archive C:\Users\Hitesh Dhanwani\Desktop\Agility\apache-tomcat-7.0.68-windows-x64\apache-tomcat-7.0.68\webapps\sample160310221512.war
Mar 10, 2016 10:15:21 PM org.apache.catalina.startup.HostConfig deployWAR
INFO: Deployment of web application archive C:\Users\Hitesh Dhanwani\Desktop\Agility\apache-tomcat-7.0.68-windows-x64\apache-tomcat-7.0.68\webapps\sample160310221512.war has finished in 94 ms
Mar 10, 2016 10:15:31 PM org.apache.catalina.startup.HostConfig deployWAR
INFO: Deploying web application archive C:\Users\Hitesh Dhanwani\Desktop\Agility\apache-tomcat-7.0.68-windows-x64\apache-tomcat-7.0.68\webapps\sample.war
Mar 10, 2016 10:15:31 PM org.apache.catalina.startup.HostConfig deployWAR
INFO: Deployment of web application archive C:\Users\Hitesh Dhanwani\Desktop\Agility\apache-tomcat-7.0.68-windows-x64\apache-tomcat-7.0.68\webapps\sample.war has finished in 169 ms
Mar 10, 2016 10:15:43 PM org.apache.catalina.startup.VersionLoggerListener log
INFO: Server version:        Apache Tomcat/7.0.68
Mar 10, 2016 10:15:43 PM org.apache.catalina.startup.VersionLoggerListener log
INFO: Server built:          Feb 8 2016 20:25:54 UTC
Mar 10, 2016 10:15:43 PM org.apache.catalina.startup.VersionLoggerListener log
INFO: Server number:         7.0.68.0
Mar 10, 2016 10:15:43 PM org.apache.catalina.startup.VersionLoggerListener log
INFO: OS Name:               Windows 7
Mar 10, 2016 10:15:43 PM org.apache.catalina.startup.VersionLoggerListener log
INFO: OS Version:            6.1
Mar 10, 2016 10:15:43 PM org.apache.catalina.startup.VersionLoggerListener log
INFO: Architecture:          amd64
Mar 10, 2016 10:15:43 PM org.apache.catalina.startup.VersionLoggerListener log
INFO: Java Home:             C:\Program Files\Java\jre1.8.0_60
Mar 10, 2016 10:15:43 PM org.apache.catalina.startup.VersionLoggerListener log
INFO: JVM Version:           1.8.0_60-b27
Mar 10, 2016 10:15:43 PM org.apache.catalina.startup.VersionLoggerListener log
INFO: JVM Vendor:            Oracle Corporation
Mar 10, 2016 10:15:43 PM org.apache.catalina.startup.VersionLoggerListener log
INFO: CATALINA_BASE:         C:\Users\Hitesh Dhanwani\Desktop\Agility\apache-tomcat-7.0.68-windows-x64\apache-tomcat-7.0.68
Mar 10, 2016 10:15:43 PM org.apache.catalina.startup.VersionLoggerListener log
INFO: CATALINA_HOME:         C:\Users\Hitesh Dhanwani\Desktop\Agility\apache-tomcat-7.0.68-windows-x64\apache-tomcat-7.0.68
Mar 10, 2016 10:15:43 PM org.apache.catalina.startup.VersionLoggerListener log
INFO: Command line argument: -Djava.util.logging.config.file=C:\Users\Hitesh Dhanwani\Desktop\Agility\apache-tomcat-7.0.68-windows-x64\apache-tomcat-7.0.68\conf\logging.properties
Mar 10, 2016 10:15:43 PM org.apache.catalina.startup.VersionLoggerListener log
INFO: Command line argument: -Djava.util.logging.manager=org.apache.juli.ClassLoaderLogManager
Mar 10, 2016 10:15:43 PM org.apache.catalina.startup.VersionLoggerListener log
INFO: Command line argument: -Djava.endorsed.dirs=C:\Users\Hitesh Dhanwani\Desktop\Agility\apache-tomcat-7.0.68-windows-x64\apache-tomcat-7.0.68\endorsed
Mar 10, 2016 10:15:43 PM org.apache.catalina.startup.VersionLoggerListener log
INFO: Command line argument: -Dcatalina.base=C:\Users\Hitesh Dhanwani\Desktop\Agility\apache-tomcat-7.0.68-windows-x64\apache-tomcat-7.0.68
Mar 10, 2016 10:15:43 PM org.apache.catalina.startup.VersionLoggerListener log
INFO: Command line argument: -Dcatalina.home=C:\Users\Hitesh Dhanwani\Desktop\Agility\apache-tomcat-7.0.68-windows-x64\apache-tomcat-7.0.68
Mar 10, 2016 10:15:43 PM org.apache.catalina.startup.VersionLoggerListener log
INFO: Command line argument: -Djava.io.tmpdir=C:\Users\Hitesh Dhanwani\Desktop\Agility\apache-tomcat-7.0.68-windows-x64\apache-tomcat-7.0.68\temp
Mar 10, 2016 10:15:43 PM org.apache.catalina.core.AprLifecycleListener lifecycleEvent
INFO: Loaded APR based Apache Tomcat Native library 1.1.33 using APR version 1.5.1.
Mar 10, 2016 10:15:43 PM org.apache.catalina.core.AprLifecycleListener lifecycleEvent
INFO: APR capabilities: IPv6 [true], sendfile [true], accept filters [false], random [true].
Mar 10, 2016 10:15:44 PM org.apache.catalina.core.AprLifecycleListener initializeSSL
INFO: OpenSSL successfully initialized (OpenSSL 1.0.1m 19 Mar 2015)
Mar 10, 2016 10:15:44 PM org.apache.coyote.AbstractProtocol init
INFO: Initializing ProtocolHandler ["http-apr-7070"]
Mar 10, 2016 10:15:44 PM org.apache.coyote.AbstractProtocol init
SEVERE: Failed to initialize end point associated with ProtocolHandler ["http-apr-7070"]
java.lang.Exception: Socket bind failed: [730048] Only one usage of each socket address (protocol/network address/port) is normally permitted.  
	at org.apache.tomcat.util.net.AprEndpoint.bind(AprEndpoint.java:470)
	at org.apache.tomcat.util.net.AbstractEndpoint.init(AbstractEndpoint.java:650)
	at org.apache.coyote.AbstractProtocol.init(AbstractProtocol.java:434)
	at org.apache.catalina.connector.Connector.initInternal(Connector.java:978)
	at org.apache.catalina.util.LifecycleBase.init(LifecycleBase.java:102)
	at org.apache.catalina.core.StandardService.initInternal(StandardService.java:560)
	at org.apache.catalina.util.LifecycleBase.init(LifecycleBase.java:102)
	at org.apache.catalina.core.StandardServer.initInternal(StandardServer.java:820)
	at org.apache.catalina.util.LifecycleBase.init(LifecycleBase.java:102)
	at org.apache.catalina.startup.Catalina.load(Catalina.java:642)
	at org.apache.catalina.startup.Catalina.load(Catalina.java:667)
	at sun.reflect.NativeMethodAccessorImpl.invoke0(Native Method)
	at sun.reflect.NativeMethodAccessorImpl.invoke(Unknown Source)
	at sun.reflect.DelegatingMethodAccessorImpl.invoke(Unknown Source)
	at java.lang.reflect.Method.invoke(Unknown Source)
	at org.apache.catalina.startup.Bootstrap.load(Bootstrap.java:253)
	at org.apache.catalina.startup.Bootstrap.main(Bootstrap.java:427)

Mar 10, 2016 10:15:44 PM org.apache.catalina.core.StandardService initInternal
SEVERE: Failed to initialize connector [Connector[HTTP/1.1-7070]]
org.apache.catalina.LifecycleException: Failed to initialize component [Connector[HTTP/1.1-7070]]
	at org.apache.catalina.util.LifecycleBase.init(LifecycleBase.java:106)
	at org.apache.catalina.core.StandardService.initInternal(StandardService.java:560)
	at org.apache.catalina.util.LifecycleBase.init(LifecycleBase.java:102)
	at org.apache.catalina.core.StandardServer.initInternal(StandardServer.java:820)
	at org.apache.catalina.util.LifecycleBase.init(LifecycleBase.java:102)
	at org.apache.catalina.startup.Catalina.load(Catalina.java:642)
	at org.apache.catalina.startup.Catalina.load(Catalina.java:667)
	at sun.reflect.NativeMethodAccessorImpl.invoke0(Native Method)
	at sun.reflect.NativeMethodAccessorImpl.invoke(Unknown Source)
	at sun.reflect.DelegatingMethodAccessorImpl.invoke(Unknown Source)
	at java.lang.reflect.Method.invoke(Unknown Source)
	at org.apache.catalina.startup.Bootstrap.load(Bootstrap.java:253)
	at org.apache.catalina.startup.Bootstrap.main(Bootstrap.java:427)
Caused by: org.apache.catalina.LifecycleException: Protocol handler initialization failed
	at org.apache.catalina.connector.Connector.initInternal(Connector.java:980)
	at org.apache.catalina.util.LifecycleBase.init(LifecycleBase.java:102)
	... 12 more
Caused by: java.lang.Exception: Socket bind failed: [730048] Only one usage of each socket address (protocol/network address/port) is normally permitted.  
	at org.apache.tomcat.util.net.AprEndpoint.bind(AprEndpoint.java:470)
	at org.apache.tomcat.util.net.AbstractEndpoint.init(AbstractEndpoint.java:650)
	at org.apache.coyote.AbstractProtocol.init(AbstractProtocol.java:434)
	at org.apache.catalina.connector.Connector.initInternal(Connector.java:978)
	... 13 more

Mar 10, 2016 10:15:44 PM org.apache.coyote.AbstractProtocol init
INFO: Initializing ProtocolHandler ["ajp-apr-8009"]
Mar 10, 2016 10:15:44 PM org.apache.coyote.AbstractProtocol init
SEVERE: Failed to initialize end point associated with ProtocolHandler ["ajp-apr-8009"]
java.lang.Exception: Socket bind failed: [730048] Only one usage of each socket address (protocol/network address/port) is normally permitted.  
	at org.apache.tomcat.util.net.AprEndpoint.bind(AprEndpoint.java:470)
	at org.apache.tomcat.util.net.AbstractEndpoint.init(AbstractEndpoint.java:650)
	at org.apache.coyote.AbstractProtocol.init(AbstractProtocol.java:434)
	at org.apache.catalina.connector.Connector.initInternal(Connector.java:978)
	at org.apache.catalina.util.LifecycleBase.init(LifecycleBase.java:102)
	at org.apache.catalina.core.StandardService.initInternal(StandardService.java:560)
	at org.apache.catalina.util.LifecycleBase.init(LifecycleBase.java:102)
	at org.apache.catalina.core.StandardServer.initInternal(StandardServer.java:820)
	at org.apache.catalina.util.LifecycleBase.init(LifecycleBase.java:102)
	at org.apache.catalina.startup.Catalina.load(Catalina.java:642)
	at org.apache.catalina.startup.Catalina.load(Catalina.java:667)
	at sun.reflect.NativeMethodAccessorImpl.invoke0(Native Method)
	at sun.reflect.NativeMethodAccessorImpl.invoke(Unknown Source)
	at sun.reflect.DelegatingMethodAccessorImpl.invoke(Unknown Source)
	at java.lang.reflect.Method.invoke(Unknown Source)
	at org.apache.catalina.startup.Bootstrap.load(Bootstrap.java:253)
	at org.apache.catalina.startup.Bootstrap.main(Bootstrap.java:427)

Mar 10, 2016 10:15:44 PM org.apache.catalina.core.StandardService initInternal
SEVERE: Failed to initialize connector [Connector[AJP/1.3-8009]]
org.apache.catalina.LifecycleException: Failed to initialize component [Connector[AJP/1.3-8009]]
	at org.apache.catalina.util.LifecycleBase.init(LifecycleBase.java:106)
	at org.apache.catalina.core.StandardService.initInternal(StandardService.java:560)
	at org.apache.catalina.util.LifecycleBase.init(LifecycleBase.java:102)
	at org.apache.catalina.core.StandardServer.initInternal(StandardServer.java:820)
	at org.apache.catalina.util.LifecycleBase.init(LifecycleBase.java:102)
	at org.apache.catalina.startup.Catalina.load(Catalina.java:642)
	at org.apache.catalina.startup.Catalina.load(Catalina.java:667)
	at sun.reflect.NativeMethodAccessorImpl.invoke0(Native Method)
	at sun.reflect.NativeMethodAccessorImpl.invoke(Unknown Source)
	at sun.reflect.DelegatingMethodAccessorImpl.invoke(Unknown Source)
	at java.lang.reflect.Method.invoke(Unknown Source)
	at org.apache.catalina.startup.Bootstrap.load(Bootstrap.java:253)
	at org.apache.catalina.startup.Bootstrap.main(Bootstrap.java:427)
Caused by: org.apache.catalina.LifecycleException: Protocol handler initialization failed
	at org.apache.catalina.connector.Connector.initInternal(Connector.java:980)
	at org.apache.catalina.util.LifecycleBase.init(LifecycleBase.java:102)
	... 12 more
Caused by: java.lang.Exception: Socket bind failed: [730048] Only one usage of each socket address (protocol/network address/port) is normally permitted.  
	at org.apache.tomcat.util.net.AprEndpoint.bind(AprEndpoint.java:470)
	at org.apache.tomcat.util.net.AbstractEndpoint.init(AbstractEndpoint.java:650)
	at org.apache.coyote.AbstractProtocol.init(AbstractProtocol.java:434)
	at org.apache.catalina.connector.Connector.initInternal(Connector.java:978)
	... 13 more

Mar 10, 2016 10:15:44 PM org.apache.catalina.startup.Catalina load
INFO: Initialization processed in 2115 ms
Mar 10, 2016 10:15:44 PM org.apache.catalina.core.StandardService startInternal
INFO: Starting service Catalina
Mar 10, 2016 10:15:44 PM org.apache.catalina.core.StandardEngine startInternal
INFO: Starting Servlet Engine: Apache Tomcat/7.0.68
Mar 10, 2016 10:15:44 PM org.apache.catalina.startup.HostConfig deployWAR
INFO: Deploying web application archive C:\Users\Hitesh Dhanwani\Desktop\Agility\apache-tomcat-7.0.68-windows-x64\apache-tomcat-7.0.68\webapps\sample.war
Mar 10, 2016 10:15:45 PM org.apache.catalina.util.SessionIdGeneratorBase createSecureRandom
INFO: Creation of SecureRandom instance for session ID generation using [SHA1PRNG] took [113] milliseconds.
Mar 10, 2016 10:15:45 PM org.apache.catalina.startup.HostConfig deployWAR
INFO: Deployment of web application archive C:\Users\Hitesh Dhanwani\Desktop\Agility\apache-tomcat-7.0.68-windows-x64\apache-tomcat-7.0.68\webapps\sample.war has finished in 651 ms
Mar 10, 2016 10:15:45 PM org.apache.catalina.startup.HostConfig deployWAR
INFO: Deploying web application archive C:\Users\Hitesh Dhanwani\Desktop\Agility\apache-tomcat-7.0.68-windows-x64\apache-tomcat-7.0.68\webapps\sample160310211553.war
Mar 10, 2016 10:15:45 PM org.apache.catalina.startup.HostConfig deployWAR
INFO: Deployment of web application archive C:\Users\Hitesh Dhanwani\Desktop\Agility\apache-tomcat-7.0.68-windows-x64\apache-tomcat-7.0.68\webapps\sample160310211553.war has finished in 182 ms
Mar 10, 2016 10:15:45 PM org.apache.catalina.startup.HostConfig deployWAR
INFO: Deploying web application archive C:\Users\Hitesh Dhanwani\Desktop\Agility\apache-tomcat-7.0.68-windows-x64\apache-tomcat-7.0.68\webapps\sample160310215950.war
Mar 10, 2016 10:15:45 PM org.apache.catalina.startup.HostConfig deployWAR
INFO: Deployment of web application archive C:\Users\Hitesh Dhanwani\Desktop\Agility\apache-tomcat-7.0.68-windows-x64\apache-tomcat-7.0.68\webapps\sample160310215950.war has finished in 159 ms
Mar 10, 2016 10:15:45 PM org.apache.catalina.startup.HostConfig deployWAR
INFO: Deploying web application archive C:\Users\Hitesh Dhanwani\Desktop\Agility\apache-tomcat-7.0.68-windows-x64\apache-tomcat-7.0.68\webapps\sample160310221512.war
Mar 10, 2016 10:15:45 PM org.apache.catalina.startup.HostConfig deployWAR
INFO: Deployment of web application archive C:\Users\Hitesh Dhanwani\Desktop\Agility\apache-tomcat-7.0.68-windows-x64\apache-tomcat-7.0.68\webapps\sample160310221512.war has finished in 141 ms
Mar 10, 2016 10:15:45 PM org.apache.catalina.startup.HostConfig deployDirectory
INFO: Deploying web application directory C:\Users\Hitesh Dhanwani\Desktop\Agility\apache-tomcat-7.0.68-windows-x64\apache-tomcat-7.0.68\webapps\docs
Mar 10, 2016 10:15:45 PM org.apache.catalina.startup.HostConfig deployDirectory
INFO: Deployment of web application directory C:\Users\Hitesh Dhanwani\Desktop\Agility\apache-tomcat-7.0.68-windows-x64\apache-tomcat-7.0.68\webapps\docs has finished in 63 ms
Mar 10, 2016 10:15:45 PM org.apache.catalina.startup.HostConfig deployDirectory
INFO: Deploying web application directory C:\Users\Hitesh Dhanwani\Desktop\Agility\apache-tomcat-7.0.68-windows-x64\apache-tomcat-7.0.68\webapps\examples
Mar 10, 2016 10:15:46 PM org.apache.catalina.startup.HostConfig deployDirectory
INFO: Deployment of web application directory C:\Users\Hitesh Dhanwani\Desktop\Agility\apache-tomcat-7.0.68-windows-x64\apache-tomcat-7.0.68\webapps\examples has finished in 541 ms
Mar 10, 2016 10:15:46 PM org.apache.catalina.startup.HostConfig deployDirectory
INFO: Deploying web application directory C:\Users\Hitesh Dhanwani\Desktop\Agility\apache-tomcat-7.0.68-windows-x64\apache-tomcat-7.0.68\webapps\host-manager
Mar 10, 2016 10:15:46 PM org.apache.catalina.startup.HostConfig deployDirectory
INFO: Deployment of web application directory C:\Users\Hitesh Dhanwani\Desktop\Agility\apache-tomcat-7.0.68-windows-x64\apache-tomcat-7.0.68\webapps\host-manager has finished in 123 ms
Mar 10, 2016 10:15:46 PM org.apache.catalina.startup.HostConfig deployDirectory
INFO: Deploying web application directory C:\Users\Hitesh Dhanwani\Desktop\Agility\apache-tomcat-7.0.68-windows-x64\apache-tomcat-7.0.68\webapps\manager
Mar 10, 2016 10:15:46 PM org.apache.catalina.startup.HostConfig deployDirectory
INFO: Deployment of web application directory C:\Users\Hitesh Dhanwani\Desktop\Agility\apache-tomcat-7.0.68-windows-x64\apache-tomcat-7.0.68\webapps\manager has finished in 139 ms
Mar 10, 2016 10:15:46 PM org.apache.catalina.startup.HostConfig deployDirectory
INFO: Deploying web application directory C:\Users\Hitesh Dhanwani\Desktop\Agility\apache-tomcat-7.0.68-windows-x64\apache-tomcat-7.0.68\webapps\ROOT
Mar 10, 2016 10:15:46 PM org.apache.catalina.startup.HostConfig deployDirectory
INFO: Deployment of web application directory C:\Users\Hitesh Dhanwani\Desktop\Agility\apache-tomcat-7.0.68-windows-x64\apache-tomcat-7.0.68\webapps\ROOT has finished in 83 ms
Mar 10, 2016 10:15:46 PM org.apache.catalina.startup.Catalina start
INFO: Server startup in 2252 ms
Mar 10, 2016 10:15:46 PM org.apache.catalina.core.StandardServer await
SEVERE: StandardServer.await: create[localhost:8005]: 
java.net.BindException: Address already in use: JVM_Bind
	at java.net.DualStackPlainSocketImpl.bind0(Native Method)
	at java.net.DualStackPlainSocketImpl.socketBind(Unknown Source)
	at java.net.AbstractPlainSocketImpl.bind(Unknown Source)
	at java.net.PlainSocketImpl.bind(Unknown Source)
	at java.net.ServerSocket.bind(Unknown Source)
	at java.net.ServerSocket.<init>(Unknown Source)
	at org.apache.catalina.core.StandardServer.await(StandardServer.java:426)
	at org.apache.catalina.startup.Catalina.await(Catalina.java:781)
	at org.apache.catalina.startup.Catalina.start(Catalina.java:727)
	at sun.reflect.NativeMethodAccessorImpl.invoke0(Native Method)
	at sun.reflect.NativeMethodAccessorImpl.invoke(Unknown Source)
	at sun.reflect.DelegatingMethodAccessorImpl.invoke(Unknown Source)
	at java.lang.reflect.Method.invoke(Unknown Source)
	at org.apache.catalina.startup.Bootstrap.start(Bootstrap.java:294)
	at org.apache.catalina.startup.Bootstrap.main(Bootstrap.java:428)

Mar 10, 2016 10:15:46 PM org.apache.coyote.AbstractProtocol pause
INFO: Pausing ProtocolHandler ["http-apr-7070"]
Mar 10, 2016 10:15:46 PM org.apache.coyote.AbstractProtocol pause
INFO: Pausing ProtocolHandler ["ajp-apr-8009"]
Mar 10, 2016 10:15:46 PM org.apache.catalina.core.StandardService stopInternal
INFO: Stopping service Catalina
Mar 10, 2016 10:15:46 PM org.apache.coyote.AbstractProtocol stop
INFO: Stopping ProtocolHandler ["http-apr-7070"]
Mar 10, 2016 10:15:46 PM org.apache.coyote.AbstractProtocol destroy
INFO: Destroying ProtocolHandler ["http-apr-7070"]
Mar 10, 2016 10:15:46 PM org.apache.coyote.AbstractProtocol stop
INFO: Stopping ProtocolHandler ["ajp-apr-8009"]
Mar 10, 2016 10:15:46 PM org.apache.coyote.AbstractProtocol destroy
INFO: Destroying ProtocolHandler ["ajp-apr-8009"]
